Сборка начата 07.12.2019 22:43:33.
     1>Проект "D:\БГТУ 2 курс\ЯП\BAA-2019v1\BAA-2019\BAAlib\BAAlib.vcxproj" в узле 2 (целевые объекты Build).
     1>InitializeBuildStatus:
         Создание "Debug\BAAlib.tlog\unsuccessfulbuild", так как было задано "AlwaysCreate".
       ClCompile:
         Для всех выходных данных обновления не требуется.
         C:\Program Files (x86)\Microsoft Visual Studio\2017\Community\VC\Tools\MSVC\14.16.27023\bin\HostX86\x86\CL.exe /c /ZI /JMC /nologo /W3 /WX- /diagnostics:classic /sdl /Od /Oy- /D WIN32 /D _DEBUG /D _LIB /D _UNICODE /D UNICODE /Gm- /EHsc /RTC1 /MDd /GS /fp:precise /permissive- /Zc:wchar_t /Zc:forScope /Zc:inline /Yu"stdafx.h" /Fp"Debug\BAAlib.pch" /Fo"Debug\\" /Fd"Debug\BAAlib.pdb" /Gd /TP /analyze- /FC /errorReport:prompt Source.cpp
         Source.cpp
     1>d:\бгту 2 курс\яп\baa-2019v1\baa-2019\baalib\source.cpp(9): warning C4244: return: преобразование "double" в "int", возможна потеря данных
     1>d:\бгту 2 курс\яп\baa-2019v1\baa-2019\baalib\source.cpp(13): warning C4244: аргумент: преобразование "time_t" в "unsigned int", возможна потеря данных
       Lib:
         C:\Program Files (x86)\Microsoft Visual Studio\2017\Community\VC\Tools\MSVC\14.16.27023\bin\HostX86\x86\Lib.exe /OUT:"D:\БГТУ 2 курс\ЯП\BAA-2019v1\BAA-2019\Debug\BAAlib.lib" /NOLOGO Debug\Source.obj
         Debug\stdafx.obj
         BAAlib.vcxproj -> D:\БГТУ 2 курс\ЯП\BAA-2019v1\BAA-2019\Debug\BAAlib.lib
       CopyFilesToOutputDirectory:
         Копирование файла из "Debug\BAAlib.pdb" в "D:\БГТУ 2 курс\ЯП\BAA-2019v1\BAA-2019\Debug\BAAlib.pdb".
       FinalizeBuildStatus:
         Файл "Debug\BAAlib.tlog\unsuccessfulbuild" удаляется.
         Обращение к "Debug\BAAlib.tlog\BAAlib.lastbuildstate".
     1>Сборка проекта "D:\БГТУ 2 курс\ЯП\BAA-2019v1\BAA-2019\BAAlib\BAAlib.vcxproj" завершена (целевые объекты Build).

Сборка успешно завершена.

       "D:\БГТУ 2 курс\ЯП\BAA-2019v1\BAA-2019\BAAlib\BAAlib.vcxproj" (целевой объект Build ) (1) ->
       (ClCompile конечный объект) -> 
         d:\бгту 2 курс\яп\baa-2019v1\baa-2019\baalib\source.cpp(9): warning C4244: return: преобразование "double" в "int", возможна потеря данных
         d:\бгту 2 курс\яп\baa-2019v1\baa-2019\baalib\source.cpp(13): warning C4244: аргумент: преобразование "time_t" в "unsigned int", возможна потеря данных

    Предупреждений: 2
    Ошибок: 0

Прошло времени 00:00:01.48
