Сборка начата 09.12.2019 12:17:11.
     1>Проект "D:\БГТУ 2 курс\ЯП\BAA-2019v1\BAA-2019\BAA-2019\BAA-2019.vcxproj" в узле 2 (целевые объекты Build).
     1>InitializeBuildStatus:
         Создание "Debug\BAA-2019.tlog\unsuccessfulbuild", так как было задано "AlwaysCreate".
       ClCompile:
         C:\Program Files (x86)\Microsoft Visual Studio\2017\Community\VC\Tools\MSVC\14.16.27023\bin\HostX86\x86\CL.exe /c /ZI /JMC /nologo /W0 /WX- /diagnostics:classic /Od /Oy- /D WIN32 /D _DEBUG /D _CONSOLE /D _UNICODE /D UNICODE /Gm- /EHsc /RTC1 /MDd /GS /fp:precise /Zc:wchar_t /Zc:forScope /Zc:inline /Yc"pch.h" /Fp"Debug\BAA-2019.pch" /Fo"Debug\\" /Fd"Debug\vc141.pdb" /Gd /TP /analyze- /FC /errorReport:prompt pch.cpp
         pch.cpp
         C:\Program Files (x86)\Microsoft Visual Studio\2017\Community\VC\Tools\MSVC\14.16.27023\bin\HostX86\x86\CL.exe /c /ZI /JMC /nologo /W0 /WX- /diagnostics:classic /Od /Oy- /D WIN32 /D _DEBUG /D _CONSOLE /D _UNICODE /D UNICODE /Gm- /EHsc /RTC1 /MDd /GS /fp:precise /Zc:wchar_t /Zc:forScope /Zc:inline /Yu"pch.h" /Fp"Debug\BAA-2019.pch" /Fo"Debug\\" /Fd"Debug\vc141.pdb" /Gd /TP /analyze- /FC /errorReport:prompt "BAA-2019.cpp" Error.cpp FST.cpp Generator.cpp Greibach.cpp IT.cpp In.cpp LT.cpp LexAnaliz.cpp Log.cpp MFST.cpp Parm.cpp PolishNotation.cpp Semantic.cpp
         BAA-2019.cpp
         Error.cpp
         FST.cpp
         Generator.cpp
         Greibach.cpp
         IT.cpp
         In.cpp
         LT.cpp
         LexAnaliz.cpp
         Log.cpp
         MFST.cpp
         Parm.cpp
         PolishNotation.cpp
         Semantic.cpp
         Создание кода...
       Link:
         C:\Program Files (x86)\Microsoft Visual Studio\2017\Community\VC\Tools\MSVC\14.16.27023\bin\HostX86\x86\link.exe /ERRORREPORT:PROMPT /OUT:"D:\БГТУ 2 курс\ЯП\BAA-2019v1\BAA-2019\Debug\BAA-2019.exe" /INCREMENTAL /NOLOGO kernel32.lib user32.lib gdi32.lib winspool.lib comdlg32.lib advapi32.lib shell32.lib ole32.lib oleaut32.lib uuid.lib odbc32.lib odbccp32.lib /MANIFEST /MANIFESTUAC:"level='asInvoker' uiAccess='false'" /manifest:embed /DEBUG:FASTLINK /PDB:"D:\БГТУ 2 курс\ЯП\BAA-2019v1\BAA-2019\Debug\BAA-2019.pdb" /SUBSYSTEM:CONSOLE /TLBID:1 /DYNAMICBASE /NXCOMPAT /IMPLIB:"D:\БГТУ 2 курс\ЯП\BAA-2019v1\BAA-2019\Debug\BAA-2019.lib" /MACHINE:X86 "Debug\BAA-2019.obj"
         Debug\Error.obj
         Debug\FST.obj
         Debug\Generator.obj
         Debug\Greibach.obj
         Debug\In.obj
         Debug\IT.obj
         Debug\LexAnaliz.obj
         Debug\Log.obj
         Debug\LT.obj
         Debug\MFST.obj
         Debug\Parm.obj
         Debug\pch.obj
         Debug\PolishNotation.obj
         Debug\Semantic.obj
         BAA-2019.vcxproj -> D:\БГТУ 2 курс\ЯП\BAA-2019v1\BAA-2019\Debug\BAA-2019.exe
       FinalizeBuildStatus:
         Файл "Debug\BAA-2019.tlog\unsuccessfulbuild" удаляется.
         Обращение к "Debug\BAA-2019.tlog\BAA-2019.lastbuildstate".
     1>Сборка проекта "D:\БГТУ 2 курс\ЯП\BAA-2019v1\BAA-2019\BAA-2019\BAA-2019.vcxproj" завершена (целевые объекты Build).

Сборка успешно завершена.
    Предупреждений: 0
    Ошибок: 0

Прошло времени 00:00:03.69
