---- Ïðîòîêîë ------- Äàòà: 09.12.2019 11:49:16
---- Ïàðàìåòðû -------
-log: index.txt.log
-out: index.txt.asm
-in: index.txt
---- Èñõîäíûå äàííûå -----
Êîëè÷åñòâî ñèìâîëîâ: 934
Ïðîèãíîðèðîâàíî:     0
Êîëè÷åñòâî ñòðîê:    57
------------------------------ ÒÀÁËÈÖÀ ËÅÊÑÅÌ  ------------------------

|  N | ËÅÊÑÅÌÀ | ÑÒÐÎÊÀ | ÈÍÄÅÊÑ Â ÒÈ |
|  0 |    t    |    1   |             |
|  1 |    f    |    1   |             |
|  2 |    i    |    1   |       0     |
|  3 |    (    |    1   |             |
|  4 |    t    |    1   |             |
|  5 |    i    |    1   |       1     |
|  6 |    )    |    1   |             |
|  7 |    {    |    2   |             |
|  8 |    n    |    4   |             |
|  9 |    t    |    4   |             |
| 10 |    i    |    4   |       2     |
| 11 |    =    |    4   |             |
| 12 |    l    |    4   |       3     |
| 13 |    ;    |    4   |             |
| 14 |    n    |    5   |             |
| 15 |    t    |    5   |             |
| 16 |    i    |    5   |       4     |
| 17 |    =    |    5   |             |
| 18 |    l    |    5   |       3     |
| 19 |    ;    |    5   |             |
| 20 |    c    |    6   |             |
| 21 |    i    |    6   |       2     |
| 22 |    !    |    6   |             |
| 23 |    i    |    6   |       4     |
| 24 |    d    |    7   |             |
| 25 |    [    |    7   |             |
| 26 |    o    |    8   |             |
| 27 |    i    |    8   |       2     |
| 28 |    ;    |    8   |             |
| 29 |    o    |    9   |             |
| 30 |    l    |    9   |       5     |
| 31 |    ;    |    9   |             |
| 32 |    ]    |   10   |             |
| 33 |    ^    |   11   |             |
| 34 |    i    |   11   |       4     |
| 35 |    ;    |   11   |             |
| 36 |    n    |   12   |             |
| 37 |    t    |   12   |             |
| 38 |    i    |   12   |       6     |
| 39 |    ;    |   12   |             |
| 40 |    ^    |   13   |             |
| 41 |    i    |   13   |       1     |
| 42 |    ;    |   13   |             |
| 43 |    e    |   14   |             |
| 44 |    l    |   14   |       7     |
| 45 |    ;    |   14   |             |
| 46 |    }    |   15   |             |
| 47 |    m    |   16   |             |
| 48 |    {    |   17   |             |
| 49 |    n    |   18   |             |
| 50 |    t    |   18   |             |
| 51 |    i    |   18   |       8     |
| 52 |    =    |   18   |             |
| 53 |    l    |   18   |       9     |
| 54 |    ;    |   18   |             |
| 55 |    o    |   19   |             |
| 56 |    l    |   19   |      10     |
| 57 |    ;    |   19   |             |
| 58 |    ^    |   20   |             |
| 59 |    i    |   20   |       8     |
| 60 |    ;    |   20   |             |
| 61 |    i    |   21   |       8     |
| 62 |    =    |   21   |             |
| 63 |    i    |   21   |       0     |
| 64 |    (    |   21   |             |
| 65 |    l    |   21   |      11     |
| 66 |    )    |   21   |             |
| 67 |    ;    |   21   |             |
| 68 |    n    |   22   |             |
| 69 |    t    |   22   |             |
| 70 |    i    |   22   |      12     |
| 71 |    =    |   22   |             |
| 72 |    (    |   22   |             |
| 73 |    l    |   22   |      13     |
| 74 |    -    |   22   |             |
| 75 |    l    |   22   |       9     |
| 76 |    )    |   22   |             |
| 77 |    ;    |   22   |             |
| 78 |    o    |   23   |             |
| 79 |    l    |   23   |      14     |
| 80 |    ;    |   23   |             |
| 81 |    ^    |   24   |             |
| 82 |    i    |   24   |      12     |
| 83 |    ;    |   24   |             |
| 84 |    n    |   25   |             |
| 85 |    t    |   25   |             |
| 86 |    i    |   25   |      15     |
| 87 |    =    |   25   |             |
| 88 |    l    |   25   |      16     |
| 89 |    ;    |   25   |             |
| 90 |    o    |   26   |             |
| 91 |    l    |   26   |      17     |
| 92 |    ;    |   26   |             |
| 93 |    ^    |   27   |             |
| 94 |    i    |   27   |      15     |
| 95 |    ;    |   27   |             |
| 96 |    n    |   28   |             |
| 97 |    t    |   28   |             |
| 98 |    i    |   28   |      18     |
| 99 |    =    |   28   |             |
|100 |    l    |   28   |      19     |
|101 |    ;    |   28   |             |
|102 |    n    |   29   |             |
|103 |    t    |   29   |             |
|104 |    i    |   29   |      20     |
|105 |    =    |   29   |             |
|106 |    l    |   29   |      21     |
|107 |    ;    |   29   |             |
|108 |    o    |   30   |             |
|109 |    l    |   30   |      22     |
|110 |    ;    |   30   |             |
|111 |    ^    |   31   |             |
|112 |    i    |   31   |      18     |
|113 |    ;    |   31   |             |
|114 |    n    |   32   |             |
|115 |    t    |   32   |             |
|116 |    i    |   32   |      23     |
|117 |    =    |   32   |             |
|118 |    l    |   32   |      16     |
|119 |    ;    |   32   |             |
|120 |    o    |   33   |             |
|121 |    l    |   33   |      24     |
|122 |    ;    |   33   |             |
|123 |    ^    |   34   |             |
|124 |    i    |   34   |      23     |
|125 |    ;    |   34   |             |
|126 |    ^    |   35   |             |
|127 |    i    |   35   |      15     |
|128 |    ;    |   35   |             |
|129 |    ?    |   36   |             |
|130 |    i    |   36   |      15     |
|131 |    !    |   36   |             |
|132 |    i    |   36   |      23     |
|133 |    r    |   37   |             |
|134 |    [    |   37   |             |
|135 |    ^    |   37   |             |
|136 |    l    |   37   |      25     |
|137 |    ;    |   37   |             |
|138 |    ]    |   37   |             |
|139 |    w    |   38   |             |
|140 |    [    |   38   |             |
|141 |    o    |   38   |             |
|142 |    l    |   38   |      26     |
|143 |    ;    |   38   |             |
|144 |    ]    |   38   |             |
|145 |    ?    |   39   |             |
|146 |    i    |   39   |      18     |
|147 |    !    |   39   |             |
|148 |    i    |   39   |      20     |
|149 |    r    |   40   |             |
|150 |    [    |   40   |             |
|151 |    ^    |   40   |             |
|152 |    l    |   40   |      25     |
|153 |    ;    |   40   |             |
|154 |    ]    |   40   |             |
|155 |    w    |   41   |             |
|156 |    [    |   41   |             |
|157 |    o    |   41   |             |
|158 |    l    |   41   |      26     |
|159 |    ;    |   41   |             |
|160 |    ]    |   41   |             |
|161 |    n    |   42   |             |
|162 |    t    |   42   |             |
|163 |    i    |   42   |      27     |
|164 |    ;    |   42   |             |
|165 |    i    |   43   |      27     |
|166 |    =    |   43   |             |
|167 |    l    |   43   |      28     |
|168 |    ;    |   43   |             |
|169 |    o    |   44   |             |
|170 |    l    |   44   |      29     |
|171 |    ;    |   44   |             |
|172 |    ^    |   45   |             |
|173 |    i    |   45   |      27     |
|174 |    ;    |   45   |             |
|175 |    n    |   46   |             |
|176 |    t    |   46   |             |
|177 |    i    |   46   |      30     |
|178 |    =    |   46   |             |
|179 |    l    |   46   |       7     |
|180 |    ;    |   46   |             |
|181 |    ^    |   47   |             |
|182 |    l    |   47   |      31     |
|183 |    ;    |   47   |             |
|184 |    c    |   48   |             |
|185 |    i    |   48   |      15     |
|186 |    &    |   48   |             |
|187 |    i    |   48   |      23     |
|188 |    d    |   49   |             |
|189 |    [    |   49   |             |
|190 |    o    |   50   |             |
|191 |    i    |   50   |      30     |
|192 |    ;    |   50   |             |
|193 |    o    |   51   |             |
|194 |    l    |   51   |       5     |
|195 |    ;    |   51   |             |
|196 |    i    |   52   |      30     |
|197 |    =    |   52   |             |
|198 |    i    |   52   |      30     |
|199 |    +    |   52   |             |
|200 |    l    |   52   |      32     |
|201 |    ;    |   52   |             |
|202 |    ]    |   53   |             |
|203 |    ^    |   54   |             |
|204 |    l    |   54   |      33     |
|205 |    ;    |   54   |             |
|206 |    ^    |   55   |             |
|207 |    l    |   55   |       5     |
|208 |    ;    |   55   |             |
|209 |    ^    |   56   |             |
|210 |    i    |   56   |      30     |
|211 |    ;    |   56   |             |
|212 |    }    |   57   |             |
---------------------------- ÒÀÁËÈÖÀ ÈÄÅÍÒÈÔÈÊÀÒÎÐÎÂ ------------------------

|  N  |ÑÒÐÎÊÀ Â ÒË |  ÒÈÏ ÈÄÅÍÒÈÔÈÊÀÒÎÐÀ  |        ÈÌß        | ÇÍÀ×ÅÍÈÅ (ÏÀÐÀÌÅÒÐÛ)
|   0 |       2    |   integer   function |              pow1 | P0:INTEGER |
|   1 |       5    |   integer  parameter |             pow1c |
|   2 |      10    |   string    variable |             pow1x |[0]
|   3 |      12    |   string     literal |                L1 |[3]123
|   4 |      16    |   string    variable |             pow1y |[0]
|   5 |      30    |   string     literal |                L2 |[1] 
|   6 |      38    |   integer   variable |         pow1count |0
|   7 |      44    |   integer    literal |                L3 |0
|   8 |      51    |   integer   variable |             mainx |0
|   9 |      53    |   integer    literal |                L4 |9
|  10 |      56    |   string     literal |                L5 |[4]x = 
|  11 |      65    |   integer    literal |                L6 |3
|  12 |      70    |   integer   variable |             mainc |0
|  13 |      73    |   integer    literal |                L7 |-9
|  14 |      79    |   string     literal |                L8 |[4]c = 
|  15 |      86    |   string    variable |          mainstrx |[0]
|  16 |      88    |   string     literal |                L9 |[4]Just
|  17 |      91    |   string     literal |               L10 |[7]strx = 
|  18 |      98    |   sumbol    variable |          mainstrm | 
|  19 |     100    |   sumbol     literal |               L11 |1
|  20 |     104    |   sumbol    variable |          mainstrf | 
|  21 |     106    |   sumbol     literal |               L12 |F
|  22 |     109    |   string     literal |               L13 |[7]strm = 
|  23 |     116    |   string    variable |          mainstry |[0]
|  24 |     121    |   string     literal |               L14 |[7]stry = 
|  25 |     136    |   string     literal |               L15 |[10]TRUE BLOCK
|  26 |     142    |   string     literal |               L16 |[11]FALSE BLOCK
|  27 |     163    |   integer   variable |            maint1 |0
|  28 |     167    |   integer    literal |               L17 |2
|  29 |     170    |   string     literal |               L18 |[5]t1 = 
|  30 |     177    |   integer   variable |            mainab |0
|  31 |     182    |   string     literal |               L19 |[12]cycle start:
|  32 |     200    |   integer    literal |               L20 |1
|  33 |     204    |   string     literal |               L21 |[10]cycle end:

-------------------------------------------------------------------------


-----------------  ËÅÊÑÅÌÛ ÑÎÎÒÂÅÒÑÒÂÓÞÙÈÅ ÈÑÕÎÄÍÎÌÓ ÊÎÄÓ ---------------------

  1 | tfi[0](ti[1])
  2 | {
  4 | nti[2]=l[3];
  5 | nti[4]=l[3];
  6 | ci[2]!i[4]
  7 | d[
  8 | oi[2];
  9 | ol[5];
 10 | ]
 11 | ^i[4];
 12 | nti[6];
 13 | ^i[1];
 14 | el[7];
 15 | }
 16 | m
 17 | {
 18 | nti[8]=l[9];
 19 | ol[10];
 20 | ^i[8];
 21 | i[8]=i[0](l[11]);
 22 | nti[12]=(l[13]-l[9]);
 23 | ol[14];
 24 | ^i[12];
 25 | nti[15]=l[16];
 26 | ol[17];
 27 | ^i[15];
 28 | nti[18]=l[19];
 29 | nti[20]=l[21];
 30 | ol[22];
 31 | ^i[18];
 32 | nti[23]=l[16];
 33 | ol[24];
 34 | ^i[23];
 35 | ^i[15];
 36 | ?i[15]!i[23]
 37 | r[^l[25];]
 38 | w[ol[26];]
 39 | ?i[18]!i[20]
 40 | r[^l[25];]
 41 | w[ol[26];]
 42 | nti[27];
 43 | i[27]=l[28];
 44 | ol[29];
 45 | ^i[27];
 46 | nti[30]=l[7];
 47 | ^l[31];
 48 | ci[15]&i[23]
 49 | d[
 50 | oi[30];
 51 | ol[5];
 52 | i[30]=i[30]+l[32];
 53 | ]
 54 | ^l[33];
 55 | ^l[5];
 56 | ^i[30];
 57 | }
-------------------------------------------------------------------------

Øàã :Ïðàâèëî             Âõîäíàÿ ëåíòà                 Ñòåê                
0   :S->tfiPTS           tfi(ti){nti=l;nti=l;ci!id     S$                  
1   : SAVESTATE:          1
1   :                    tfi(ti){nti=l;nti=l;ci!id     tfiPTS$             
2   :                    fi(ti){nti=l;nti=l;ci!id[     fiPTS$              
3   :                    i(ti){nti=l;nti=l;ci!id[o     iPTS$               
4   :                    (ti){nti=l;nti=l;ci!id[oi     PTS$                
5   :P->(E)              (ti){nti=l;nti=l;ci!id[oi     PTS$                
6   : SAVESTATE:          2
6   :                    (ti){nti=l;nti=l;ci!id[oi     (E)TS$              
7   :                    ti){nti=l;nti=l;ci!id[oi;     E)TS$               
8   :E->ti,E             ti){nti=l;nti=l;ci!id[oi;     E)TS$               
9   : SAVESTATE:          3
9   :                    ti){nti=l;nti=l;ci!id[oi;     ti,E)TS$            
10  :                    i){nti=l;nti=l;ci!id[oi;o     i,E)TS$             
11  :                    ){nti=l;nti=l;ci!id[oi;ol     ,E)TS$              
12  : TS_NOK/NS_NORULECHAIN
12  : RESSTATE            
12  :                    ti){nti=l;nti=l;ci!id[oi;     E)TS$               
13  :E->ti               ti){nti=l;nti=l;ci!id[oi;     E)TS$               
14  : SAVESTATE:          3
14  :                    ti){nti=l;nti=l;ci!id[oi;     ti)TS$              
15  :                    i){nti=l;nti=l;ci!id[oi;o     i)TS$               
16  :                    ){nti=l;nti=l;ci!id[oi;ol     )TS$                
17  :                    {nti=l;nti=l;ci!id[oi;ol;     TS$                 
18  :T->{Q}              {nti=l;nti=l;ci!id[oi;ol;     TS$                 
19  : SAVESTATE:          4
19  :                    {nti=l;nti=l;ci!id[oi;ol;     {Q}S$               
20  :                    nti=l;nti=l;ci!id[oi;ol;]     Q}S$                
21  : TNS_NORULECHAIN/NS_NORULE
21  : RESSTATE            
21  :                    {nti=l;nti=l;ci!id[oi;ol;     TS$                 
22  :T->{Q}              {nti=l;nti=l;ci!id[oi;ol;     TS$                 
23  : SAVESTATE:          4
23  :                    {nti=l;nti=l;ci!id[oi;ol;     {Q}S$               
24  :                    nti=l;nti=l;ci!id[oi;ol;]     Q}S$                
25  : TNS_NORULECHAIN/NS_NORULE
25  : RESSTATE            
25  :                    {nti=l;nti=l;ci!id[oi;ol;     TS$                 
26  :T->{KQ}             {nti=l;nti=l;ci!id[oi;ol;     TS$                 
27  : SAVESTATE:          4
27  :                    {nti=l;nti=l;ci!id[oi;ol;     {KQ}S$              
28  :                    nti=l;nti=l;ci!id[oi;ol;]     KQ}S$               
29  :K->nti=i;K          nti=l;nti=l;ci!id[oi;ol;]     KQ}S$               
30  : SAVESTATE:          5
30  :                    nti=l;nti=l;ci!id[oi;ol;]     nti=i;KQ}S$         
31  :                    ti=l;nti=l;ci!id[oi;ol;]^     ti=i;KQ}S$          
32  :                    i=l;nti=l;ci!id[oi;ol;]^i     i=i;KQ}S$           
33  :                    =l;nti=l;ci!id[oi;ol;]^i;     =i;KQ}S$            
34  :                    l;nti=l;ci!id[oi;ol;]^i;n     i;KQ}S$             
35  : TS_NOK/NS_NORULECHAIN
35  : RESSTATE            
35  :                    nti=l;nti=l;ci!id[oi;ol;]     KQ}S$               
36  :K->nti=l;K          nti=l;nti=l;ci!id[oi;ol;]     KQ}S$               
37  : SAVESTATE:          5
37  :                    nti=l;nti=l;ci!id[oi;ol;]     nti=l;KQ}S$         
38  :                    ti=l;nti=l;ci!id[oi;ol;]^     ti=l;KQ}S$          
39  :                    i=l;nti=l;ci!id[oi;ol;]^i     i=l;KQ}S$           
40  :                    =l;nti=l;ci!id[oi;ol;]^i;     =l;KQ}S$            
41  :                    l;nti=l;ci!id[oi;ol;]^i;n     l;KQ}S$             
42  :                    ;nti=l;ci!id[oi;ol;]^i;nt     ;KQ}S$              
43  :                    nti=l;ci!id[oi;ol;]^i;nti     KQ}S$               
44  :K->nti=i;K          nti=l;ci!id[oi;ol;]^i;nti     KQ}S$               
45  : SAVESTATE:          6
45  :                    nti=l;ci!id[oi;ol;]^i;nti     nti=i;KQ}S$         
46  :                    ti=l;ci!id[oi;ol;]^i;nti;     ti=i;KQ}S$          
47  :                    i=l;ci!id[oi;ol;]^i;nti;^     i=i;KQ}S$           
48  :                    =l;ci!id[oi;ol;]^i;nti;^i     =i;KQ}S$            
49  :                    l;ci!id[oi;ol;]^i;nti;^i;     i;KQ}S$             
50  : TS_NOK/NS_NORULECHAIN
50  : RESSTATE            
50  :                    nti=l;ci!id[oi;ol;]^i;nti     KQ}S$               
51  :K->nti=l;K          nti=l;ci!id[oi;ol;]^i;nti     KQ}S$               
52  : SAVESTATE:          6
52  :                    nti=l;ci!id[oi;ol;]^i;nti     nti=l;KQ}S$         
53  :                    ti=l;ci!id[oi;ol;]^i;nti;     ti=l;KQ}S$          
54  :                    i=l;ci!id[oi;ol;]^i;nti;^     i=l;KQ}S$           
55  :                    =l;ci!id[oi;ol;]^i;nti;^i     =l;KQ}S$            
56  :                    l;ci!id[oi;ol;]^i;nti;^i;     l;KQ}S$             
57  :                    ;ci!id[oi;ol;]^i;nti;^i;e     ;KQ}S$              
58  :                    ci!id[oi;ol;]^i;nti;^i;el     KQ}S$               
59  :K->cZd[X]K          ci!id[oi;ol;]^i;nti;^i;el     KQ}S$               
60  : SAVESTATE:          7
60  :                    ci!id[oi;ol;]^i;nti;^i;el     cZd[X]KQ}S$         
61  :                    i!id[oi;ol;]^i;nti;^i;el;     Zd[X]KQ}S$          
62  :Z->iLi              i!id[oi;ol;]^i;nti;^i;el;     Zd[X]KQ}S$          
63  : SAVESTATE:          8
63  :                    i!id[oi;ol;]^i;nti;^i;el;     iLid[X]KQ}S$        
64  :                    !id[oi;ol;]^i;nti;^i;el;}     Lid[X]KQ}S$         
65  :L->!                !id[oi;ol;]^i;nti;^i;el;}     Lid[X]KQ}S$         
66  : SAVESTATE:          9
66  :                    !id[oi;ol;]^i;nti;^i;el;}     !id[X]KQ}S$         
67  :                    id[oi;ol;]^i;nti;^i;el;}m     id[X]KQ}S$          
68  :                    d[oi;ol;]^i;nti;^i;el;}m{     d[X]KQ}S$           
69  :                    [oi;ol;]^i;nti;^i;el;}m{n     [X]KQ}S$            
70  :                    oi;ol;]^i;nti;^i;el;}m{nt     X]KQ}S$             
71  :X->oi;X             oi;ol;]^i;nti;^i;el;}m{nt     X]KQ}S$             
72  : SAVESTATE:          10
72  :                    oi;ol;]^i;nti;^i;el;}m{nt     oi;X]KQ}S$          
73  :                    i;ol;]^i;nti;^i;el;}m{nti     i;X]KQ}S$           
74  :                    ;ol;]^i;nti;^i;el;}m{nti=     ;X]KQ}S$            
75  :                    ol;]^i;nti;^i;el;}m{nti=l     X]KQ}S$             
76  :X->oi;X             ol;]^i;nti;^i;el;}m{nti=l     X]KQ}S$             
77  : SAVESTATE:          11
77  :                    ol;]^i;nti;^i;el;}m{nti=l     oi;X]KQ}S$          
78  :                    l;]^i;nti;^i;el;}m{nti=l;     i;X]KQ}S$           
79  : TS_NOK/NS_NORULECHAIN
79  : RESSTATE            
79  :                    ol;]^i;nti;^i;el;}m{nti=l     X]KQ}S$             
80  :X->ol;X             ol;]^i;nti;^i;el;}m{nti=l     X]KQ}S$             
81  : SAVESTATE:          11
81  :                    ol;]^i;nti;^i;el;}m{nti=l     ol;X]KQ}S$          
82  :                    l;]^i;nti;^i;el;}m{nti=l;     l;X]KQ}S$           
83  :                    ;]^i;nti;^i;el;}m{nti=l;o     ;X]KQ}S$            
84  :                    ]^i;nti;^i;el;}m{nti=l;ol     X]KQ}S$             
85  : TNS_NORULECHAIN/NS_NORULE
85  : RESSTATE            
85  :                    ol;]^i;nti;^i;el;}m{nti=l     X]KQ}S$             
86  :X->oi;              ol;]^i;nti;^i;el;}m{nti=l     X]KQ}S$             
87  : SAVESTATE:          11
87  :                    ol;]^i;nti;^i;el;}m{nti=l     oi;]KQ}S$           
88  :                    l;]^i;nti;^i;el;}m{nti=l;     i;]KQ}S$            
89  : TS_NOK/NS_NORULECHAIN
89  : RESSTATE            
89  :                    ol;]^i;nti;^i;el;}m{nti=l     X]KQ}S$             
90  :X->ol;              ol;]^i;nti;^i;el;}m{nti=l     X]KQ}S$             
91  : SAVESTATE:          11
91  :                    ol;]^i;nti;^i;el;}m{nti=l     ol;]KQ}S$           
92  :                    l;]^i;nti;^i;el;}m{nti=l;     l;]KQ}S$            
93  :                    ;]^i;nti;^i;el;}m{nti=l;o     ;]KQ}S$             
94  :                    ]^i;nti;^i;el;}m{nti=l;ol     ]KQ}S$              
95  :                    ^i;nti;^i;el;}m{nti=l;ol;     KQ}S$               
96  :K->^i;K             ^i;nti;^i;el;}m{nti=l;ol;     KQ}S$               
97  : SAVESTATE:          12
97  :                    ^i;nti;^i;el;}m{nti=l;ol;     ^i;KQ}S$            
98  :                    i;nti;^i;el;}m{nti=l;ol;^     i;KQ}S$             
99  :                    ;nti;^i;el;}m{nti=l;ol;^i     ;KQ}S$              
100 :                    nti;^i;el;}m{nti=l;ol;^i;     KQ}S$               
101 :K->nti=i;K          nti;^i;el;}m{nti=l;ol;^i;     KQ}S$               
102 : SAVESTATE:          13
102 :                    nti;^i;el;}m{nti=l;ol;^i;     nti=i;KQ}S$         
103 :                    ti;^i;el;}m{nti=l;ol;^i;i     ti=i;KQ}S$          
104 :                    i;^i;el;}m{nti=l;ol;^i;i=     i=i;KQ}S$           
105 :                    ;^i;el;}m{nti=l;ol;^i;i=i     =i;KQ}S$            
106 : TS_NOK/NS_NORULECHAIN
106 : RESSTATE            
106 :                    nti;^i;el;}m{nti=l;ol;^i;     KQ}S$               
107 :K->nti=l;K          nti;^i;el;}m{nti=l;ol;^i;     KQ}S$               
108 : SAVESTATE:          13
108 :                    nti;^i;el;}m{nti=l;ol;^i;     nti=l;KQ}S$         
109 :                    ti;^i;el;}m{nti=l;ol;^i;i     ti=l;KQ}S$          
110 :                    i;^i;el;}m{nti=l;ol;^i;i=     i=l;KQ}S$           
111 :                    ;^i;el;}m{nti=l;ol;^i;i=i     =l;KQ}S$            
112 : TS_NOK/NS_NORULECHAIN
112 : RESSTATE            
112 :                    nti;^i;el;}m{nti=l;ol;^i;     KQ}S$               
113 :K->nti=W;K          nti;^i;el;}m{nti=l;ol;^i;     KQ}S$               
114 : SAVESTATE:          13
114 :                    nti;^i;el;}m{nti=l;ol;^i;     nti=W;KQ}S$         
115 :                    ti;^i;el;}m{nti=l;ol;^i;i     ti=W;KQ}S$          
116 :                    i;^i;el;}m{nti=l;ol;^i;i=     i=W;KQ}S$           
117 :                    ;^i;el;}m{nti=l;ol;^i;i=i     =W;KQ}S$            
118 : TS_NOK/NS_NORULECHAIN
118 : RESSTATE            
118 :                    nti;^i;el;}m{nti=l;ol;^i;     KQ}S$               
119 :K->nti;K            nti;^i;el;}m{nti=l;ol;^i;     KQ}S$               
120 : SAVESTATE:          13
120 :                    nti;^i;el;}m{nti=l;ol;^i;     nti;KQ}S$           
121 :                    ti;^i;el;}m{nti=l;ol;^i;i     ti;KQ}S$            
122 :                    i;^i;el;}m{nti=l;ol;^i;i=     i;KQ}S$             
123 :                    ;^i;el;}m{nti=l;ol;^i;i=i     ;KQ}S$              
124 :                    ^i;el;}m{nti=l;ol;^i;i=i(     KQ}S$               
125 :K->^i;K             ^i;el;}m{nti=l;ol;^i;i=i(     KQ}S$               
126 : SAVESTATE:          14
126 :                    ^i;el;}m{nti=l;ol;^i;i=i(     ^i;KQ}S$            
127 :                    i;el;}m{nti=l;ol;^i;i=i(l     i;KQ}S$             
128 :                    ;el;}m{nti=l;ol;^i;i=i(l)     ;KQ}S$              
129 :                    el;}m{nti=l;ol;^i;i=i(l);     KQ}S$               
130 : TNS_NORULECHAIN/NS_NORULE
130 : RESSTATE            
130 :                    ^i;el;}m{nti=l;ol;^i;i=i(     KQ}S$               
131 :K->^l;K             ^i;el;}m{nti=l;ol;^i;i=i(     KQ}S$               
132 : SAVESTATE:          14
132 :                    ^i;el;}m{nti=l;ol;^i;i=i(     ^l;KQ}S$            
133 :                    i;el;}m{nti=l;ol;^i;i=i(l     l;KQ}S$             
134 : TS_NOK/NS_NORULECHAIN
134 : RESSTATE            
134 :                    ^i;el;}m{nti=l;ol;^i;i=i(     KQ}S$               
135 :K->^l;              ^i;el;}m{nti=l;ol;^i;i=i(     KQ}S$               
136 : SAVESTATE:          14
136 :                    ^i;el;}m{nti=l;ol;^i;i=i(     ^l;Q}S$             
137 :                    i;el;}m{nti=l;ol;^i;i=i(l     l;Q}S$              
138 : TS_NOK/NS_NORULECHAIN
138 : RESSTATE            
138 :                    ^i;el;}m{nti=l;ol;^i;i=i(     KQ}S$               
139 :K->^i;              ^i;el;}m{nti=l;ol;^i;i=i(     KQ}S$               
140 : SAVESTATE:          14
140 :                    ^i;el;}m{nti=l;ol;^i;i=i(     ^i;Q}S$             
141 :                    i;el;}m{nti=l;ol;^i;i=i(l     i;Q}S$              
142 :                    ;el;}m{nti=l;ol;^i;i=i(l)     ;Q}S$               
143 :                    el;}m{nti=l;ol;^i;i=i(l);     Q}S$                
144 :Q->el;              el;}m{nti=l;ol;^i;i=i(l);     Q}S$                
145 : SAVESTATE:          15
145 :                    el;}m{nti=l;ol;^i;i=i(l);     el;}S$              
146 :                    l;}m{nti=l;ol;^i;i=i(l);n     l;}S$               
147 :                    ;}m{nti=l;ol;^i;i=i(l);nt     ;}S$                
148 :                    }m{nti=l;ol;^i;i=i(l);nti     }S$                 
149 :                    m{nti=l;ol;^i;i=i(l);nti=     S$                  
150 :S->m{K}             m{nti=l;ol;^i;i=i(l);nti=     S$                  
151 : SAVESTATE:          16
151 :                    m{nti=l;ol;^i;i=i(l);nti=     m{K}$               
152 :                    {nti=l;ol;^i;i=i(l);nti=(     {K}$                
153 :                    nti=l;ol;^i;i=i(l);nti=(l     K}$                 
154 :K->nti=i;K          nti=l;ol;^i;i=i(l);nti=(l     K}$                 
155 : SAVESTATE:          17
155 :                    nti=l;ol;^i;i=i(l);nti=(l     nti=i;K}$           
156 :                    ti=l;ol;^i;i=i(l);nti=(l-     ti=i;K}$            
157 :                    i=l;ol;^i;i=i(l);nti=(l-l     i=i;K}$             
158 :                    =l;ol;^i;i=i(l);nti=(l-l)     =i;K}$              
159 :                    l;ol;^i;i=i(l);nti=(l-l);     i;K}$               
160 : TS_NOK/NS_NORULECHAIN
160 : RESSTATE            
160 :                    nti=l;ol;^i;i=i(l);nti=(l     K}$                 
161 :K->nti=l;K          nti=l;ol;^i;i=i(l);nti=(l     K}$                 
162 : SAVESTATE:          17
162 :                    nti=l;ol;^i;i=i(l);nti=(l     nti=l;K}$           
163 :                    ti=l;ol;^i;i=i(l);nti=(l-     ti=l;K}$            
164 :                    i=l;ol;^i;i=i(l);nti=(l-l     i=l;K}$             
165 :                    =l;ol;^i;i=i(l);nti=(l-l)     =l;K}$              
166 :                    l;ol;^i;i=i(l);nti=(l-l);     l;K}$               
167 :                    ;ol;^i;i=i(l);nti=(l-l);o     ;K}$                
168 :                    ol;^i;i=i(l);nti=(l-l);ol     K}$                 
169 :K->oi;K             ol;^i;i=i(l);nti=(l-l);ol     K}$                 
170 : SAVESTATE:          18
170 :                    ol;^i;i=i(l);nti=(l-l);ol     oi;K}$              
171 :                    l;^i;i=i(l);nti=(l-l);ol;     i;K}$               
172 : TS_NOK/NS_NORULECHAIN
172 : RESSTATE            
172 :                    ol;^i;i=i(l);nti=(l-l);ol     K}$                 
173 :K->ol;K             ol;^i;i=i(l);nti=(l-l);ol     K}$                 
174 : SAVESTATE:          18
174 :                    ol;^i;i=i(l);nti=(l-l);ol     ol;K}$              
175 :                    l;^i;i=i(l);nti=(l-l);ol;     l;K}$               
176 :                    ;^i;i=i(l);nti=(l-l);ol;^     ;K}$                
177 :                    ^i;i=i(l);nti=(l-l);ol;^i     K}$                 
178 :K->^i;K             ^i;i=i(l);nti=(l-l);ol;^i     K}$                 
179 : SAVESTATE:          19
179 :                    ^i;i=i(l);nti=(l-l);ol;^i     ^i;K}$              
180 :                    i;i=i(l);nti=(l-l);ol;^i;     i;K}$               
181 :                    ;i=i(l);nti=(l-l);ol;^i;n     ;K}$                
182 :                    i=i(l);nti=(l-l);ol;^i;nt     K}$                 
183 :K->i=W;K            i=i(l);nti=(l-l);ol;^i;nt     K}$                 
184 : SAVESTATE:          20
184 :                    i=i(l);nti=(l-l);ol;^i;nt     i=W;K}$             
185 :                    =i(l);nti=(l-l);ol;^i;nti     =W;K}$              
186 :                    i(l);nti=(l-l);ol;^i;nti=     W;K}$               
187 :W->i                i(l);nti=(l-l);ol;^i;nti=     W;K}$               
188 : SAVESTATE:          21
188 :                    i(l);nti=(l-l);ol;^i;nti=     i;K}$               
189 :                    (l);nti=(l-l);ol;^i;nti=l     ;K}$                
190 : TS_NOK/NS_NORULECHAIN
190 : RESSTATE            
190 :                    i(l);nti=(l-l);ol;^i;nti=     W;K}$               
191 :W->iF               i(l);nti=(l-l);ol;^i;nti=     W;K}$               
192 : SAVESTATE:          21
192 :                    i(l);nti=(l-l);ol;^i;nti=     iF;K}$              
193 :                    (l);nti=(l-l);ol;^i;nti=l     F;K}$               
194 :F->(N)              (l);nti=(l-l);ol;^i;nti=l     F;K}$               
195 : SAVESTATE:          22
195 :                    (l);nti=(l-l);ol;^i;nti=l     (N);K}$             
196 :                    l);nti=(l-l);ol;^i;nti=l;     N);K}$              
197 :N->l                l);nti=(l-l);ol;^i;nti=l;     N);K}$              
198 : SAVESTATE:          23
198 :                    l);nti=(l-l);ol;^i;nti=l;     l);K}$              
199 :                    );nti=(l-l);ol;^i;nti=l;o     );K}$               
200 :                    ;nti=(l-l);ol;^i;nti=l;ol     ;K}$                
201 :                    nti=(l-l);ol;^i;nti=l;ol;     K}$                 
202 :K->nti=i;K          nti=(l-l);ol;^i;nti=l;ol;     K}$                 
203 : SAVESTATE:          24
203 :                    nti=(l-l);ol;^i;nti=l;ol;     nti=i;K}$           
204 :                    ti=(l-l);ol;^i;nti=l;ol;^     ti=i;K}$            
205 :                    i=(l-l);ol;^i;nti=l;ol;^i     i=i;K}$             
206 :                    =(l-l);ol;^i;nti=l;ol;^i;     =i;K}$              
207 :                    (l-l);ol;^i;nti=l;ol;^i;n     i;K}$               
208 : TS_NOK/NS_NORULECHAIN
208 : RESSTATE            
208 :                    nti=(l-l);ol;^i;nti=l;ol;     K}$                 
209 :K->nti=l;K          nti=(l-l);ol;^i;nti=l;ol;     K}$                 
210 : SAVESTATE:          24
210 :                    nti=(l-l);ol;^i;nti=l;ol;     nti=l;K}$           
211 :                    ti=(l-l);ol;^i;nti=l;ol;^     ti=l;K}$            
212 :                    i=(l-l);ol;^i;nti=l;ol;^i     i=l;K}$             
213 :                    =(l-l);ol;^i;nti=l;ol;^i;     =l;K}$              
214 :                    (l-l);ol;^i;nti=l;ol;^i;n     l;K}$               
215 : TS_NOK/NS_NORULECHAIN
215 : RESSTATE            
215 :                    nti=(l-l);ol;^i;nti=l;ol;     K}$                 
216 :K->nti=W;K          nti=(l-l);ol;^i;nti=l;ol;     K}$                 
217 : SAVESTATE:          24
217 :                    nti=(l-l);ol;^i;nti=l;ol;     nti=W;K}$           
218 :                    ti=(l-l);ol;^i;nti=l;ol;^     ti=W;K}$            
219 :                    i=(l-l);ol;^i;nti=l;ol;^i     i=W;K}$             
220 :                    =(l-l);ol;^i;nti=l;ol;^i;     =W;K}$              
221 :                    (l-l);ol;^i;nti=l;ol;^i;n     W;K}$               
222 :W->(W)              (l-l);ol;^i;nti=l;ol;^i;n     W;K}$               
223 : SAVESTATE:          25
223 :                    (l-l);ol;^i;nti=l;ol;^i;n     (W);K}$             
224 :                    l-l);ol;^i;nti=l;ol;^i;nt     W);K}$              
225 :W->l                l-l);ol;^i;nti=l;ol;^i;nt     W);K}$              
226 : SAVESTATE:          26
226 :                    l-l);ol;^i;nti=l;ol;^i;nt     l);K}$              
227 :                    -l);ol;^i;nti=l;ol;^i;nti     );K}$               
228 : TS_NOK/NS_NORULECHAIN
228 : RESSTATE            
228 :                    l-l);ol;^i;nti=l;ol;^i;nt     W);K}$              
229 :W->lAW              l-l);ol;^i;nti=l;ol;^i;nt     W);K}$              
230 : SAVESTATE:          26
230 :                    l-l);ol;^i;nti=l;ol;^i;nt     lAW);K}$            
231 :                    -l);ol;^i;nti=l;ol;^i;nti     AW);K}$             
232 :A->-                -l);ol;^i;nti=l;ol;^i;nti     AW);K}$             
233 : SAVESTATE:          27
233 :                    -l);ol;^i;nti=l;ol;^i;nti     -W);K}$             
234 :                    l);ol;^i;nti=l;ol;^i;nti=     W);K}$              
235 :W->l                l);ol;^i;nti=l;ol;^i;nti=     W);K}$              
236 : SAVESTATE:          28
236 :                    l);ol;^i;nti=l;ol;^i;nti=     l);K}$              
237 :                    );ol;^i;nti=l;ol;^i;nti=l     );K}$               
238 :                    ;ol;^i;nti=l;ol;^i;nti=l;     ;K}$                
239 :                    ol;^i;nti=l;ol;^i;nti=l;n     K}$                 
240 :K->oi;K             ol;^i;nti=l;ol;^i;nti=l;n     K}$                 
241 : SAVESTATE:          29
241 :                    ol;^i;nti=l;ol;^i;nti=l;n     oi;K}$              
242 :                    l;^i;nti=l;ol;^i;nti=l;nt     i;K}$               
243 : TS_NOK/NS_NORULECHAIN
243 : RESSTATE            
243 :                    ol;^i;nti=l;ol;^i;nti=l;n     K}$                 
244 :K->ol;K             ol;^i;nti=l;ol;^i;nti=l;n     K}$                 
245 : SAVESTATE:          29
245 :                    ol;^i;nti=l;ol;^i;nti=l;n     ol;K}$              
246 :                    l;^i;nti=l;ol;^i;nti=l;nt     l;K}$               
247 :                    ;^i;nti=l;ol;^i;nti=l;nti     ;K}$                
248 :                    ^i;nti=l;ol;^i;nti=l;nti=     K}$                 
249 :K->^i;K             ^i;nti=l;ol;^i;nti=l;nti=     K}$                 
250 : SAVESTATE:          30
250 :                    ^i;nti=l;ol;^i;nti=l;nti=     ^i;K}$              
251 :                    i;nti=l;ol;^i;nti=l;nti=l     i;K}$               
252 :                    ;nti=l;ol;^i;nti=l;nti=l;     ;K}$                
253 :                    nti=l;ol;^i;nti=l;nti=l;o     K}$                 
254 :K->nti=i;K          nti=l;ol;^i;nti=l;nti=l;o     K}$                 
255 : SAVESTATE:          31
255 :                    nti=l;ol;^i;nti=l;nti=l;o     nti=i;K}$           
256 :                    ti=l;ol;^i;nti=l;nti=l;ol     ti=i;K}$            
257 :                    i=l;ol;^i;nti=l;nti=l;ol;     i=i;K}$             
258 :                    =l;ol;^i;nti=l;nti=l;ol;^     =i;K}$              
259 :                    l;ol;^i;nti=l;nti=l;ol;^i     i;K}$               
260 : TS_NOK/NS_NORULECHAIN
260 : RESSTATE            
260 :                    nti=l;ol;^i;nti=l;nti=l;o     K}$                 
261 :K->nti=l;K          nti=l;ol;^i;nti=l;nti=l;o     K}$                 
262 : SAVESTATE:          31
262 :                    nti=l;ol;^i;nti=l;nti=l;o     nti=l;K}$           
263 :                    ti=l;ol;^i;nti=l;nti=l;ol     ti=l;K}$            
264 :                    i=l;ol;^i;nti=l;nti=l;ol;     i=l;K}$             
265 :                    =l;ol;^i;nti=l;nti=l;ol;^     =l;K}$              
266 :                    l;ol;^i;nti=l;nti=l;ol;^i     l;K}$               
267 :                    ;ol;^i;nti=l;nti=l;ol;^i;     ;K}$                
268 :                    ol;^i;nti=l;nti=l;ol;^i;n     K}$                 
269 :K->oi;K             ol;^i;nti=l;nti=l;ol;^i;n     K}$                 
270 : SAVESTATE:          32
270 :                    ol;^i;nti=l;nti=l;ol;^i;n     oi;K}$              
271 :                    l;^i;nti=l;nti=l;ol;^i;nt     i;K}$               
272 : TS_NOK/NS_NORULECHAIN
272 : RESSTATE            
272 :                    ol;^i;nti=l;nti=l;ol;^i;n     K}$                 
273 :K->ol;K             ol;^i;nti=l;nti=l;ol;^i;n     K}$                 
274 : SAVESTATE:          32
274 :                    ol;^i;nti=l;nti=l;ol;^i;n     ol;K}$              
275 :                    l;^i;nti=l;nti=l;ol;^i;nt     l;K}$               
276 :                    ;^i;nti=l;nti=l;ol;^i;nti     ;K}$                
277 :                    ^i;nti=l;nti=l;ol;^i;nti=     K}$                 
278 :K->^i;K             ^i;nti=l;nti=l;ol;^i;nti=     K}$                 
279 : SAVESTATE:          33
279 :                    ^i;nti=l;nti=l;ol;^i;nti=     ^i;K}$              
280 :                    i;nti=l;nti=l;ol;^i;nti=l     i;K}$               
281 :                    ;nti=l;nti=l;ol;^i;nti=l;     ;K}$                
282 :                    nti=l;nti=l;ol;^i;nti=l;o     K}$                 
283 :K->nti=i;K          nti=l;nti=l;ol;^i;nti=l;o     K}$                 
284 : SAVESTATE:          34
284 :                    nti=l;nti=l;ol;^i;nti=l;o     nti=i;K}$           
285 :                    ti=l;nti=l;ol;^i;nti=l;ol     ti=i;K}$            
286 :                    i=l;nti=l;ol;^i;nti=l;ol;     i=i;K}$             
287 :                    =l;nti=l;ol;^i;nti=l;ol;^     =i;K}$              
288 :                    l;nti=l;ol;^i;nti=l;ol;^i     i;K}$               
289 : TS_NOK/NS_NORULECHAIN
289 : RESSTATE            
289 :                    nti=l;nti=l;ol;^i;nti=l;o     K}$                 
290 :K->nti=l;K          nti=l;nti=l;ol;^i;nti=l;o     K}$                 
291 : SAVESTATE:          34
291 :                    nti=l;nti=l;ol;^i;nti=l;o     nti=l;K}$           
292 :                    ti=l;nti=l;ol;^i;nti=l;ol     ti=l;K}$            
293 :                    i=l;nti=l;ol;^i;nti=l;ol;     i=l;K}$             
294 :                    =l;nti=l;ol;^i;nti=l;ol;^     =l;K}$              
295 :                    l;nti=l;ol;^i;nti=l;ol;^i     l;K}$               
296 :                    ;nti=l;ol;^i;nti=l;ol;^i;     ;K}$                
297 :                    nti=l;ol;^i;nti=l;ol;^i;^     K}$                 
298 :K->nti=i;K          nti=l;ol;^i;nti=l;ol;^i;^     K}$                 
299 : SAVESTATE:          35
299 :                    nti=l;ol;^i;nti=l;ol;^i;^     nti=i;K}$           
300 :                    ti=l;ol;^i;nti=l;ol;^i;^i     ti=i;K}$            
301 :                    i=l;ol;^i;nti=l;ol;^i;^i;     i=i;K}$             
302 :                    =l;ol;^i;nti=l;ol;^i;^i;?     =i;K}$              
303 :                    l;ol;^i;nti=l;ol;^i;^i;?i     i;K}$               
304 : TS_NOK/NS_NORULECHAIN
304 : RESSTATE            
304 :                    nti=l;ol;^i;nti=l;ol;^i;^     K}$                 
305 :K->nti=l;K          nti=l;ol;^i;nti=l;ol;^i;^     K}$                 
306 : SAVESTATE:          35
306 :                    nti=l;ol;^i;nti=l;ol;^i;^     nti=l;K}$           
307 :                    ti=l;ol;^i;nti=l;ol;^i;^i     ti=l;K}$            
308 :                    i=l;ol;^i;nti=l;ol;^i;^i;     i=l;K}$             
309 :                    =l;ol;^i;nti=l;ol;^i;^i;?     =l;K}$              
310 :                    l;ol;^i;nti=l;ol;^i;^i;?i     l;K}$               
311 :                    ;ol;^i;nti=l;ol;^i;^i;?i!     ;K}$                
312 :                    ol;^i;nti=l;ol;^i;^i;?i!i     K}$                 
313 :K->oi;K             ol;^i;nti=l;ol;^i;^i;?i!i     K}$                 
314 : SAVESTATE:          36
314 :                    ol;^i;nti=l;ol;^i;^i;?i!i     oi;K}$              
315 :                    l;^i;nti=l;ol;^i;^i;?i!ir     i;K}$               
316 : TS_NOK/NS_NORULECHAIN
316 : RESSTATE            
316 :                    ol;^i;nti=l;ol;^i;^i;?i!i     K}$                 
317 :K->ol;K             ol;^i;nti=l;ol;^i;^i;?i!i     K}$                 
318 : SAVESTATE:          36
318 :                    ol;^i;nti=l;ol;^i;^i;?i!i     ol;K}$              
319 :                    l;^i;nti=l;ol;^i;^i;?i!ir     l;K}$               
320 :                    ;^i;nti=l;ol;^i;^i;?i!ir[     ;K}$                
321 :                    ^i;nti=l;ol;^i;^i;?i!ir[^     K}$                 
322 :K->^i;K             ^i;nti=l;ol;^i;^i;?i!ir[^     K}$                 
323 : SAVESTATE:          37
323 :                    ^i;nti=l;ol;^i;^i;?i!ir[^     ^i;K}$              
324 :                    i;nti=l;ol;^i;^i;?i!ir[^l     i;K}$               
325 :                    ;nti=l;ol;^i;^i;?i!ir[^l;     ;K}$                
326 :                    nti=l;ol;^i;^i;?i!ir[^l;]     K}$                 
327 :K->nti=i;K          nti=l;ol;^i;^i;?i!ir[^l;]     K}$                 
328 : SAVESTATE:          38
328 :                    nti=l;ol;^i;^i;?i!ir[^l;]     nti=i;K}$           
329 :                    ti=l;ol;^i;^i;?i!ir[^l;]w     ti=i;K}$            
330 :                    i=l;ol;^i;^i;?i!ir[^l;]w[     i=i;K}$             
331 :                    =l;ol;^i;^i;?i!ir[^l;]w[o     =i;K}$              
332 :                    l;ol;^i;^i;?i!ir[^l;]w[ol     i;K}$               
333 : TS_NOK/NS_NORULECHAIN
333 : RESSTATE            
333 :                    nti=l;ol;^i;^i;?i!ir[^l;]     K}$                 
334 :K->nti=l;K          nti=l;ol;^i;^i;?i!ir[^l;]     K}$                 
335 : SAVESTATE:          38
335 :                    nti=l;ol;^i;^i;?i!ir[^l;]     nti=l;K}$           
336 :                    ti=l;ol;^i;^i;?i!ir[^l;]w     ti=l;K}$            
337 :                    i=l;ol;^i;^i;?i!ir[^l;]w[     i=l;K}$             
338 :                    =l;ol;^i;^i;?i!ir[^l;]w[o     =l;K}$              
339 :                    l;ol;^i;^i;?i!ir[^l;]w[ol     l;K}$               
340 :                    ;ol;^i;^i;?i!ir[^l;]w[ol;     ;K}$                
341 :                    ol;^i;^i;?i!ir[^l;]w[ol;]     K}$                 
342 :K->oi;K             ol;^i;^i;?i!ir[^l;]w[ol;]     K}$                 
343 : SAVESTATE:          39
343 :                    ol;^i;^i;?i!ir[^l;]w[ol;]     oi;K}$              
344 :                    l;^i;^i;?i!ir[^l;]w[ol;]?     i;K}$               
345 : TS_NOK/NS_NORULECHAIN
345 : RESSTATE            
345 :                    ol;^i;^i;?i!ir[^l;]w[ol;]     K}$                 
346 :K->ol;K             ol;^i;^i;?i!ir[^l;]w[ol;]     K}$                 
347 : SAVESTATE:          39
347 :                    ol;^i;^i;?i!ir[^l;]w[ol;]     ol;K}$              
348 :                    l;^i;^i;?i!ir[^l;]w[ol;]?     l;K}$               
349 :                    ;^i;^i;?i!ir[^l;]w[ol;]?i     ;K}$                
350 :                    ^i;^i;?i!ir[^l;]w[ol;]?i!     K}$                 
351 :K->^i;K             ^i;^i;?i!ir[^l;]w[ol;]?i!     K}$                 
352 : SAVESTATE:          40
352 :                    ^i;^i;?i!ir[^l;]w[ol;]?i!     ^i;K}$              
353 :                    i;^i;?i!ir[^l;]w[ol;]?i!i     i;K}$               
354 :                    ;^i;?i!ir[^l;]w[ol;]?i!ir     ;K}$                
355 :                    ^i;?i!ir[^l;]w[ol;]?i!ir[     K}$                 
356 :K->^i;K             ^i;?i!ir[^l;]w[ol;]?i!ir[     K}$                 
357 : SAVESTATE:          41
357 :                    ^i;?i!ir[^l;]w[ol;]?i!ir[     ^i;K}$              
358 :                    i;?i!ir[^l;]w[ol;]?i!ir[^     i;K}$               
359 :                    ;?i!ir[^l;]w[ol;]?i!ir[^l     ;K}$                
360 :                    ?i!ir[^l;]w[ol;]?i!ir[^l;     K}$                 
361 :K->?ZRK             ?i!ir[^l;]w[ol;]?i!ir[^l;     K}$                 
362 : SAVESTATE:          42
362 :                    ?i!ir[^l;]w[ol;]?i!ir[^l;     ?ZRK}$              
363 :                    i!ir[^l;]w[ol;]?i!ir[^l;]     ZRK}$               
364 :Z->iLi              i!ir[^l;]w[ol;]?i!ir[^l;]     ZRK}$               
365 : SAVESTATE:          43
365 :                    i!ir[^l;]w[ol;]?i!ir[^l;]     iLiRK}$             
366 :                    !ir[^l;]w[ol;]?i!ir[^l;]w     LiRK}$              
367 :L->!                !ir[^l;]w[ol;]?i!ir[^l;]w     LiRK}$              
368 : SAVESTATE:          44
368 :                    !ir[^l;]w[ol;]?i!ir[^l;]w     !iRK}$              
369 :                    ir[^l;]w[ol;]?i!ir[^l;]w[     iRK}$               
370 :                    r[^l;]w[ol;]?i!ir[^l;]w[o     RK}$                
371 :R->r[XQ]            r[^l;]w[ol;]?i!ir[^l;]w[o     RK}$                
372 : SAVESTATE:          45
372 :                    r[^l;]w[ol;]?i!ir[^l;]w[o     r[XQ]K}$            
373 :                    [^l;]w[ol;]?i!ir[^l;]w[ol     [XQ]K}$             
374 :                    ^l;]w[ol;]?i!ir[^l;]w[ol;     XQ]K}$              
375 :X->^;X              ^l;]w[ol;]?i!ir[^l;]w[ol;     XQ]K}$              
376 : SAVESTATE:          46
376 :                    ^l;]w[ol;]?i!ir[^l;]w[ol;     ^;XQ]K}$            
377 :                    l;]w[ol;]?i!ir[^l;]w[ol;]     ;XQ]K}$             
378 : TS_NOK/NS_NORULECHAIN
378 : RESSTATE            
378 :                    ^l;]w[ol;]?i!ir[^l;]w[ol;     XQ]K}$              
379 :X->^l;              ^l;]w[ol;]?i!ir[^l;]w[ol;     XQ]K}$              
380 : SAVESTATE:          46
380 :                    ^l;]w[ol;]?i!ir[^l;]w[ol;     ^l;Q]K}$            
381 :                    l;]w[ol;]?i!ir[^l;]w[ol;]     l;Q]K}$             
382 :                    ;]w[ol;]?i!ir[^l;]w[ol;]n     ;Q]K}$              
383 :                    ]w[ol;]?i!ir[^l;]w[ol;]nt     Q]K}$               
384 : TNS_NORULECHAIN/NS_NORULE
384 : RESSTATE            
384 :                    ^l;]w[ol;]?i!ir[^l;]w[ol;     XQ]K}$              
385 :X->^i;              ^l;]w[ol;]?i!ir[^l;]w[ol;     XQ]K}$              
386 : SAVESTATE:          46
386 :                    ^l;]w[ol;]?i!ir[^l;]w[ol;     ^i;Q]K}$            
387 :                    l;]w[ol;]?i!ir[^l;]w[ol;]     i;Q]K}$             
388 : TS_NOK/NS_NORULECHAIN
388 : RESSTATE            
388 :                    ^l;]w[ol;]?i!ir[^l;]w[ol;     XQ]K}$              
389 : TNS_NORULECHAIN/NS_NORULE
389 : RESSTATE            
389 :                    r[^l;]w[ol;]?i!ir[^l;]w[o     RK}$                
390 :R->r[X]             r[^l;]w[ol;]?i!ir[^l;]w[o     RK}$                
391 : SAVESTATE:          45
391 :                    r[^l;]w[ol;]?i!ir[^l;]w[o     r[X]K}$             
392 :                    [^l;]w[ol;]?i!ir[^l;]w[ol     [X]K}$              
393 :                    ^l;]w[ol;]?i!ir[^l;]w[ol;     X]K}$               
394 :X->^;X              ^l;]w[ol;]?i!ir[^l;]w[ol;     X]K}$               
395 : SAVESTATE:          46
395 :                    ^l;]w[ol;]?i!ir[^l;]w[ol;     ^;X]K}$             
396 :                    l;]w[ol;]?i!ir[^l;]w[ol;]     ;X]K}$              
397 : TS_NOK/NS_NORULECHAIN
397 : RESSTATE            
397 :                    ^l;]w[ol;]?i!ir[^l;]w[ol;     X]K}$               
398 :X->^l;              ^l;]w[ol;]?i!ir[^l;]w[ol;     X]K}$               
399 : SAVESTATE:          46
399 :                    ^l;]w[ol;]?i!ir[^l;]w[ol;     ^l;]K}$             
400 :                    l;]w[ol;]?i!ir[^l;]w[ol;]     l;]K}$              
401 :                    ;]w[ol;]?i!ir[^l;]w[ol;]n     ;]K}$               
402 :                    ]w[ol;]?i!ir[^l;]w[ol;]nt     ]K}$                
403 :                    w[ol;]?i!ir[^l;]w[ol;]nti     K}$                 
404 : TNS_NORULECHAIN/NS_NORULE
404 : RESSTATE            
404 :                    ^l;]w[ol;]?i!ir[^l;]w[ol;     X]K}$               
405 :X->^i;              ^l;]w[ol;]?i!ir[^l;]w[ol;     X]K}$               
406 : SAVESTATE:          46
406 :                    ^l;]w[ol;]?i!ir[^l;]w[ol;     ^i;]K}$             
407 :                    l;]w[ol;]?i!ir[^l;]w[ol;]     i;]K}$              
408 : TS_NOK/NS_NORULECHAIN
408 : RESSTATE            
408 :                    ^l;]w[ol;]?i!ir[^l;]w[ol;     X]K}$               
409 : TNS_NORULECHAIN/NS_NORULE
409 : RESSTATE            
409 :                    r[^l;]w[ol;]?i!ir[^l;]w[o     RK}$                
410 :R->r[Q]             r[^l;]w[ol;]?i!ir[^l;]w[o     RK}$                
411 : SAVESTATE:          45
411 :                    r[^l;]w[ol;]?i!ir[^l;]w[o     r[Q]K}$             
412 :                    [^l;]w[ol;]?i!ir[^l;]w[ol     [Q]K}$              
413 :                    ^l;]w[ol;]?i!ir[^l;]w[ol;     Q]K}$               
414 : TNS_NORULECHAIN/NS_NORULE
414 : RESSTATE            
414 :                    r[^l;]w[ol;]?i!ir[^l;]w[o     RK}$                
415 :R->r[X]w[X]         r[^l;]w[ol;]?i!ir[^l;]w[o     RK}$                
416 : SAVESTATE:          45
416 :                    r[^l;]w[ol;]?i!ir[^l;]w[o     r[X]w[X]K}$         
417 :                    [^l;]w[ol;]?i!ir[^l;]w[ol     [X]w[X]K}$          
418 :                    ^l;]w[ol;]?i!ir[^l;]w[ol;     X]w[X]K}$           
419 :X->^;X              ^l;]w[ol;]?i!ir[^l;]w[ol;     X]w[X]K}$           
420 : SAVESTATE:          46
420 :                    ^l;]w[ol;]?i!ir[^l;]w[ol;     ^;X]w[X]K}$         
421 :                    l;]w[ol;]?i!ir[^l;]w[ol;]     ;X]w[X]K}$          
422 : TS_NOK/NS_NORULECHAIN
422 : RESSTATE            
422 :                    ^l;]w[ol;]?i!ir[^l;]w[ol;     X]w[X]K}$           
423 :X->^l;              ^l;]w[ol;]?i!ir[^l;]w[ol;     X]w[X]K}$           
424 : SAVESTATE:          46
424 :                    ^l;]w[ol;]?i!ir[^l;]w[ol;     ^l;]w[X]K}$         
425 :                    l;]w[ol;]?i!ir[^l;]w[ol;]     l;]w[X]K}$          
426 :                    ;]w[ol;]?i!ir[^l;]w[ol;]n     ;]w[X]K}$           
427 :                    ]w[ol;]?i!ir[^l;]w[ol;]nt     ]w[X]K}$            
428 :                    w[ol;]?i!ir[^l;]w[ol;]nti     w[X]K}$             
429 :                    [ol;]?i!ir[^l;]w[ol;]nti;     [X]K}$              
430 :                    ol;]?i!ir[^l;]w[ol;]nti;i     X]K}$               
431 :X->oi;X             ol;]?i!ir[^l;]w[ol;]nti;i     X]K}$               
432 : SAVESTATE:          47
432 :                    ol;]?i!ir[^l;]w[ol;]nti;i     oi;X]K}$            
433 :                    l;]?i!ir[^l;]w[ol;]nti;i=     i;X]K}$             
434 : TS_NOK/NS_NORULECHAIN
434 : RESSTATE            
434 :                    ol;]?i!ir[^l;]w[ol;]nti;i     X]K}$               
435 :X->ol;X             ol;]?i!ir[^l;]w[ol;]nti;i     X]K}$               
436 : SAVESTATE:          47
436 :                    ol;]?i!ir[^l;]w[ol;]nti;i     ol;X]K}$            
437 :                    l;]?i!ir[^l;]w[ol;]nti;i=     l;X]K}$             
438 :                    ;]?i!ir[^l;]w[ol;]nti;i=l     ;X]K}$              
439 :                    ]?i!ir[^l;]w[ol;]nti;i=l;     X]K}$               
440 : TNS_NORULECHAIN/NS_NORULE
440 : RESSTATE            
440 :                    ol;]?i!ir[^l;]w[ol;]nti;i     X]K}$               
441 :X->oi;              ol;]?i!ir[^l;]w[ol;]nti;i     X]K}$               
442 : SAVESTATE:          47
442 :                    ol;]?i!ir[^l;]w[ol;]nti;i     oi;]K}$             
443 :                    l;]?i!ir[^l;]w[ol;]nti;i=     i;]K}$              
444 : TS_NOK/NS_NORULECHAIN
444 : RESSTATE            
444 :                    ol;]?i!ir[^l;]w[ol;]nti;i     X]K}$               
445 :X->ol;              ol;]?i!ir[^l;]w[ol;]nti;i     X]K}$               
446 : SAVESTATE:          47
446 :                    ol;]?i!ir[^l;]w[ol;]nti;i     ol;]K}$             
447 :                    l;]?i!ir[^l;]w[ol;]nti;i=     l;]K}$              
448 :                    ;]?i!ir[^l;]w[ol;]nti;i=l     ;]K}$               
449 :                    ]?i!ir[^l;]w[ol;]nti;i=l;     ]K}$                
450 :                    ?i!ir[^l;]w[ol;]nti;i=l;o     K}$                 
451 :K->?ZRK             ?i!ir[^l;]w[ol;]nti;i=l;o     K}$                 
452 : SAVESTATE:          48
452 :                    ?i!ir[^l;]w[ol;]nti;i=l;o     ?ZRK}$              
453 :                    i!ir[^l;]w[ol;]nti;i=l;ol     ZRK}$               
454 :Z->iLi              i!ir[^l;]w[ol;]nti;i=l;ol     ZRK}$               
455 : SAVESTATE:          49
455 :                    i!ir[^l;]w[ol;]nti;i=l;ol     iLiRK}$             
456 :                    !ir[^l;]w[ol;]nti;i=l;ol;     LiRK}$              
457 :L->!                !ir[^l;]w[ol;]nti;i=l;ol;     LiRK}$              
458 : SAVESTATE:          50
458 :                    !ir[^l;]w[ol;]nti;i=l;ol;     !iRK}$              
459 :                    ir[^l;]w[ol;]nti;i=l;ol;^     iRK}$               
460 :                    r[^l;]w[ol;]nti;i=l;ol;^i     RK}$                
461 :R->r[XQ]            r[^l;]w[ol;]nti;i=l;ol;^i     RK}$                
462 : SAVESTATE:          51
462 :                    r[^l;]w[ol;]nti;i=l;ol;^i     r[XQ]K}$            
463 :                    [^l;]w[ol;]nti;i=l;ol;^i;     [XQ]K}$             
464 :                    ^l;]w[ol;]nti;i=l;ol;^i;n     XQ]K}$              
465 :X->^;X              ^l;]w[ol;]nti;i=l;ol;^i;n     XQ]K}$              
466 : SAVESTATE:          52
466 :                    ^l;]w[ol;]nti;i=l;ol;^i;n     ^;XQ]K}$            
467 :                    l;]w[ol;]nti;i=l;ol;^i;nt     ;XQ]K}$             
468 : TS_NOK/NS_NORULECHAIN
468 : RESSTATE            
468 :                    ^l;]w[ol;]nti;i=l;ol;^i;n     XQ]K}$              
469 :X->^l;              ^l;]w[ol;]nti;i=l;ol;^i;n     XQ]K}$              
470 : SAVESTATE:          52
470 :                    ^l;]w[ol;]nti;i=l;ol;^i;n     ^l;Q]K}$            
471 :                    l;]w[ol;]nti;i=l;ol;^i;nt     l;Q]K}$             
472 :                    ;]w[ol;]nti;i=l;ol;^i;nti     ;Q]K}$              
473 :                    ]w[ol;]nti;i=l;ol;^i;nti=     Q]K}$               
474 : TNS_NORULECHAIN/NS_NORULE
474 : RESSTATE            
474 :                    ^l;]w[ol;]nti;i=l;ol;^i;n     XQ]K}$              
475 :X->^i;              ^l;]w[ol;]nti;i=l;ol;^i;n     XQ]K}$              
476 : SAVESTATE:          52
476 :                    ^l;]w[ol;]nti;i=l;ol;^i;n     ^i;Q]K}$            
477 :                    l;]w[ol;]nti;i=l;ol;^i;nt     i;Q]K}$             
478 : TS_NOK/NS_NORULECHAIN
478 : RESSTATE            
478 :                    ^l;]w[ol;]nti;i=l;ol;^i;n     XQ]K}$              
479 : TNS_NORULECHAIN/NS_NORULE
479 : RESSTATE            
479 :                    r[^l;]w[ol;]nti;i=l;ol;^i     RK}$                
480 :R->r[X]             r[^l;]w[ol;]nti;i=l;ol;^i     RK}$                
481 : SAVESTATE:          51
481 :                    r[^l;]w[ol;]nti;i=l;ol;^i     r[X]K}$             
482 :                    [^l;]w[ol;]nti;i=l;ol;^i;     [X]K}$              
483 :                    ^l;]w[ol;]nti;i=l;ol;^i;n     X]K}$               
484 :X->^;X              ^l;]w[ol;]nti;i=l;ol;^i;n     X]K}$               
485 : SAVESTATE:          52
485 :                    ^l;]w[ol;]nti;i=l;ol;^i;n     ^;X]K}$             
486 :                    l;]w[ol;]nti;i=l;ol;^i;nt     ;X]K}$              
487 : TS_NOK/NS_NORULECHAIN
487 : RESSTATE            
487 :                    ^l;]w[ol;]nti;i=l;ol;^i;n     X]K}$               
488 :X->^l;              ^l;]w[ol;]nti;i=l;ol;^i;n     X]K}$               
489 : SAVESTATE:          52
489 :                    ^l;]w[ol;]nti;i=l;ol;^i;n     ^l;]K}$             
490 :                    l;]w[ol;]nti;i=l;ol;^i;nt     l;]K}$              
491 :                    ;]w[ol;]nti;i=l;ol;^i;nti     ;]K}$               
492 :                    ]w[ol;]nti;i=l;ol;^i;nti=     ]K}$                
493 :                    w[ol;]nti;i=l;ol;^i;nti=l     K}$                 
494 : TNS_NORULECHAIN/NS_NORULE
494 : RESSTATE            
494 :                    ^l;]w[ol;]nti;i=l;ol;^i;n     X]K}$               
495 :X->^i;              ^l;]w[ol;]nti;i=l;ol;^i;n     X]K}$               
496 : SAVESTATE:          52
496 :                    ^l;]w[ol;]nti;i=l;ol;^i;n     ^i;]K}$             
497 :                    l;]w[ol;]nti;i=l;ol;^i;nt     i;]K}$              
498 : TS_NOK/NS_NORULECHAIN
498 : RESSTATE            
498 :                    ^l;]w[ol;]nti;i=l;ol;^i;n     X]K}$               
499 : TNS_NORULECHAIN/NS_NORULE
499 : RESSTATE            
499 :                    r[^l;]w[ol;]nti;i=l;ol;^i     RK}$                
500 :R->r[Q]             r[^l;]w[ol;]nti;i=l;ol;^i     RK}$                
501 : SAVESTATE:          51
501 :                    r[^l;]w[ol;]nti;i=l;ol;^i     r[Q]K}$             
502 :                    [^l;]w[ol;]nti;i=l;ol;^i;     [Q]K}$              
503 :                    ^l;]w[ol;]nti;i=l;ol;^i;n     Q]K}$               
504 : TNS_NORULECHAIN/NS_NORULE
504 : RESSTATE            
504 :                    r[^l;]w[ol;]nti;i=l;ol;^i     RK}$                
505 :R->r[X]w[X]         r[^l;]w[ol;]nti;i=l;ol;^i     RK}$                
506 : SAVESTATE:          51
506 :                    r[^l;]w[ol;]nti;i=l;ol;^i     r[X]w[X]K}$         
507 :                    [^l;]w[ol;]nti;i=l;ol;^i;     [X]w[X]K}$          
508 :                    ^l;]w[ol;]nti;i=l;ol;^i;n     X]w[X]K}$           
509 :X->^;X              ^l;]w[ol;]nti;i=l;ol;^i;n     X]w[X]K}$           
510 : SAVESTATE:          52
510 :                    ^l;]w[ol;]nti;i=l;ol;^i;n     ^;X]w[X]K}$         
511 :                    l;]w[ol;]nti;i=l;ol;^i;nt     ;X]w[X]K}$          
512 : TS_NOK/NS_NORULECHAIN
512 : RESSTATE            
512 :                    ^l;]w[ol;]nti;i=l;ol;^i;n     X]w[X]K}$           
513 :X->^l;              ^l;]w[ol;]nti;i=l;ol;^i;n     X]w[X]K}$           
514 : SAVESTATE:          52
514 :                    ^l;]w[ol;]nti;i=l;ol;^i;n     ^l;]w[X]K}$         
515 :                    l;]w[ol;]nti;i=l;ol;^i;nt     l;]w[X]K}$          
516 :                    ;]w[ol;]nti;i=l;ol;^i;nti     ;]w[X]K}$           
517 :                    ]w[ol;]nti;i=l;ol;^i;nti=     ]w[X]K}$            
518 :                    w[ol;]nti;i=l;ol;^i;nti=l     w[X]K}$             
519 :                    [ol;]nti;i=l;ol;^i;nti=l;     [X]K}$              
520 :                    ol;]nti;i=l;ol;^i;nti=l;^     X]K}$               
521 :X->oi;X             ol;]nti;i=l;ol;^i;nti=l;^     X]K}$               
522 : SAVESTATE:          53
522 :                    ol;]nti;i=l;ol;^i;nti=l;^     oi;X]K}$            
523 :                    l;]nti;i=l;ol;^i;nti=l;^l     i;X]K}$             
524 : TS_NOK/NS_NORULECHAIN
524 : RESSTATE            
524 :                    ol;]nti;i=l;ol;^i;nti=l;^     X]K}$               
525 :X->ol;X             ol;]nti;i=l;ol;^i;nti=l;^     X]K}$               
526 : SAVESTATE:          53
526 :                    ol;]nti;i=l;ol;^i;nti=l;^     ol;X]K}$            
527 :                    l;]nti;i=l;ol;^i;nti=l;^l     l;X]K}$             
528 :                    ;]nti;i=l;ol;^i;nti=l;^l;     ;X]K}$              
529 :                    ]nti;i=l;ol;^i;nti=l;^l;c     X]K}$               
530 : TNS_NORULECHAIN/NS_NORULE
530 : RESSTATE            
530 :                    ol;]nti;i=l;ol;^i;nti=l;^     X]K}$               
531 :X->oi;              ol;]nti;i=l;ol;^i;nti=l;^     X]K}$               
532 : SAVESTATE:          53
532 :                    ol;]nti;i=l;ol;^i;nti=l;^     oi;]K}$             
533 :                    l;]nti;i=l;ol;^i;nti=l;^l     i;]K}$              
534 : TS_NOK/NS_NORULECHAIN
534 : RESSTATE            
534 :                    ol;]nti;i=l;ol;^i;nti=l;^     X]K}$               
535 :X->ol;              ol;]nti;i=l;ol;^i;nti=l;^     X]K}$               
536 : SAVESTATE:          53
536 :                    ol;]nti;i=l;ol;^i;nti=l;^     ol;]K}$             
537 :                    l;]nti;i=l;ol;^i;nti=l;^l     l;]K}$              
538 :                    ;]nti;i=l;ol;^i;nti=l;^l;     ;]K}$               
539 :                    ]nti;i=l;ol;^i;nti=l;^l;c     ]K}$                
540 :                    nti;i=l;ol;^i;nti=l;^l;ci     K}$                 
541 :K->nti=i;K          nti;i=l;ol;^i;nti=l;^l;ci     K}$                 
542 : SAVESTATE:          54
542 :                    nti;i=l;ol;^i;nti=l;^l;ci     nti=i;K}$           
543 :                    ti;i=l;ol;^i;nti=l;^l;ci&     ti=i;K}$            
544 :                    i;i=l;ol;^i;nti=l;^l;ci&i     i=i;K}$             
545 :                    ;i=l;ol;^i;nti=l;^l;ci&id     =i;K}$              
546 : TS_NOK/NS_NORULECHAIN
546 : RESSTATE            
546 :                    nti;i=l;ol;^i;nti=l;^l;ci     K}$                 
547 :K->nti=l;K          nti;i=l;ol;^i;nti=l;^l;ci     K}$                 
548 : SAVESTATE:          54
548 :                    nti;i=l;ol;^i;nti=l;^l;ci     nti=l;K}$           
549 :                    ti;i=l;ol;^i;nti=l;^l;ci&     ti=l;K}$            
550 :                    i;i=l;ol;^i;nti=l;^l;ci&i     i=l;K}$             
551 :                    ;i=l;ol;^i;nti=l;^l;ci&id     =l;K}$              
552 : TS_NOK/NS_NORULECHAIN
552 : RESSTATE            
552 :                    nti;i=l;ol;^i;nti=l;^l;ci     K}$                 
553 :K->nti=W;K          nti;i=l;ol;^i;nti=l;^l;ci     K}$                 
554 : SAVESTATE:          54
554 :                    nti;i=l;ol;^i;nti=l;^l;ci     nti=W;K}$           
555 :                    ti;i=l;ol;^i;nti=l;^l;ci&     ti=W;K}$            
556 :                    i;i=l;ol;^i;nti=l;^l;ci&i     i=W;K}$             
557 :                    ;i=l;ol;^i;nti=l;^l;ci&id     =W;K}$              
558 : TS_NOK/NS_NORULECHAIN
558 : RESSTATE            
558 :                    nti;i=l;ol;^i;nti=l;^l;ci     K}$                 
559 :K->nti;K            nti;i=l;ol;^i;nti=l;^l;ci     K}$                 
560 : SAVESTATE:          54
560 :                    nti;i=l;ol;^i;nti=l;^l;ci     nti;K}$             
561 :                    ti;i=l;ol;^i;nti=l;^l;ci&     ti;K}$              
562 :                    i;i=l;ol;^i;nti=l;^l;ci&i     i;K}$               
563 :                    ;i=l;ol;^i;nti=l;^l;ci&id     ;K}$                
564 :                    i=l;ol;^i;nti=l;^l;ci&id[     K}$                 
565 :K->i=W;K            i=l;ol;^i;nti=l;^l;ci&id[     K}$                 
566 : SAVESTATE:          55
566 :                    i=l;ol;^i;nti=l;^l;ci&id[     i=W;K}$             
567 :                    =l;ol;^i;nti=l;^l;ci&id[o     =W;K}$              
568 :                    l;ol;^i;nti=l;^l;ci&id[oi     W;K}$               
569 :W->l                l;ol;^i;nti=l;^l;ci&id[oi     W;K}$               
570 : SAVESTATE:          56
570 :                    l;ol;^i;nti=l;^l;ci&id[oi     l;K}$               
571 :                    ;ol;^i;nti=l;^l;ci&id[oi;     ;K}$                
572 :                    ol;^i;nti=l;^l;ci&id[oi;o     K}$                 
573 :K->oi;K             ol;^i;nti=l;^l;ci&id[oi;o     K}$                 
574 : SAVESTATE:          57
574 :                    ol;^i;nti=l;^l;ci&id[oi;o     oi;K}$              
575 :                    l;^i;nti=l;^l;ci&id[oi;ol     i;K}$               
576 : TS_NOK/NS_NORULECHAIN
576 : RESSTATE            
576 :                    ol;^i;nti=l;^l;ci&id[oi;o     K}$                 
577 :K->ol;K             ol;^i;nti=l;^l;ci&id[oi;o     K}$                 
578 : SAVESTATE:          57
578 :                    ol;^i;nti=l;^l;ci&id[oi;o     ol;K}$              
579 :                    l;^i;nti=l;^l;ci&id[oi;ol     l;K}$               
580 :                    ;^i;nti=l;^l;ci&id[oi;ol;     ;K}$                
581 :                    ^i;nti=l;^l;ci&id[oi;ol;i     K}$                 
582 :K->^i;K             ^i;nti=l;^l;ci&id[oi;ol;i     K}$                 
583 : SAVESTATE:          58
583 :                    ^i;nti=l;^l;ci&id[oi;ol;i     ^i;K}$              
584 :                    i;nti=l;^l;ci&id[oi;ol;i=     i;K}$               
585 :                    ;nti=l;^l;ci&id[oi;ol;i=i     ;K}$                
586 :                    nti=l;^l;ci&id[oi;ol;i=i+     K}$                 
587 :K->nti=i;K          nti=l;^l;ci&id[oi;ol;i=i+     K}$                 
588 : SAVESTATE:          59
588 :                    nti=l;^l;ci&id[oi;ol;i=i+     nti=i;K}$           
589 :                    ti=l;^l;ci&id[oi;ol;i=i+l     ti=i;K}$            
590 :                    i=l;^l;ci&id[oi;ol;i=i+l;     i=i;K}$             
591 :                    =l;^l;ci&id[oi;ol;i=i+l;]     =i;K}$              
592 :                    l;^l;ci&id[oi;ol;i=i+l;]^     i;K}$               
593 : TS_NOK/NS_NORULECHAIN
593 : RESSTATE            
593 :                    nti=l;^l;ci&id[oi;ol;i=i+     K}$                 
594 :K->nti=l;K          nti=l;^l;ci&id[oi;ol;i=i+     K}$                 
595 : SAVESTATE:          59
595 :                    nti=l;^l;ci&id[oi;ol;i=i+     nti=l;K}$           
596 :                    ti=l;^l;ci&id[oi;ol;i=i+l     ti=l;K}$            
597 :                    i=l;^l;ci&id[oi;ol;i=i+l;     i=l;K}$             
598 :                    =l;^l;ci&id[oi;ol;i=i+l;]     =l;K}$              
599 :                    l;^l;ci&id[oi;ol;i=i+l;]^     l;K}$               
600 :                    ;^l;ci&id[oi;ol;i=i+l;]^l     ;K}$                
601 :                    ^l;ci&id[oi;ol;i=i+l;]^l;     K}$                 
602 :K->^i;K             ^l;ci&id[oi;ol;i=i+l;]^l;     K}$                 
603 : SAVESTATE:          60
603 :                    ^l;ci&id[oi;ol;i=i+l;]^l;     ^i;K}$              
604 :                    l;ci&id[oi;ol;i=i+l;]^l;^     i;K}$               
605 : TS_NOK/NS_NORULECHAIN
605 : RESSTATE            
605 :                    ^l;ci&id[oi;ol;i=i+l;]^l;     K}$                 
606 :K->^l;K             ^l;ci&id[oi;ol;i=i+l;]^l;     K}$                 
607 : SAVESTATE:          60
607 :                    ^l;ci&id[oi;ol;i=i+l;]^l;     ^l;K}$              
608 :                    l;ci&id[oi;ol;i=i+l;]^l;^     l;K}$               
609 :                    ;ci&id[oi;ol;i=i+l;]^l;^l     ;K}$                
610 :                    ci&id[oi;ol;i=i+l;]^l;^l;     K}$                 
611 :K->cZd[X]K          ci&id[oi;ol;i=i+l;]^l;^l;     K}$                 
612 : SAVESTATE:          61
612 :                    ci&id[oi;ol;i=i+l;]^l;^l;     cZd[X]K}$           
613 :                    i&id[oi;ol;i=i+l;]^l;^l;^     Zd[X]K}$            
614 :Z->iLi              i&id[oi;ol;i=i+l;]^l;^l;^     Zd[X]K}$            
615 : SAVESTATE:          62
615 :                    i&id[oi;ol;i=i+l;]^l;^l;^     iLid[X]K}$          
616 :                    &id[oi;ol;i=i+l;]^l;^l;^i     Lid[X]K}$           
617 :L->&                &id[oi;ol;i=i+l;]^l;^l;^i     Lid[X]K}$           
618 : SAVESTATE:          63
618 :                    &id[oi;ol;i=i+l;]^l;^l;^i     &id[X]K}$           
619 :                    id[oi;ol;i=i+l;]^l;^l;^i;     id[X]K}$            
620 :                    d[oi;ol;i=i+l;]^l;^l;^i;}     d[X]K}$             
621 :                    [oi;ol;i=i+l;]^l;^l;^i;}      [X]K}$              
622 :                    oi;ol;i=i+l;]^l;^l;^i;}       X]K}$               
623 :X->oi;X             oi;ol;i=i+l;]^l;^l;^i;}       X]K}$               
624 : SAVESTATE:          64
624 :                    oi;ol;i=i+l;]^l;^l;^i;}       oi;X]K}$            
625 :                    i;ol;i=i+l;]^l;^l;^i;}        i;X]K}$             
626 :                    ;ol;i=i+l;]^l;^l;^i;}         ;X]K}$              
627 :                    ol;i=i+l;]^l;^l;^i;}          X]K}$               
628 :X->oi;X             ol;i=i+l;]^l;^l;^i;}          X]K}$               
629 : SAVESTATE:          65
629 :                    ol;i=i+l;]^l;^l;^i;}          oi;X]K}$            
630 :                    l;i=i+l;]^l;^l;^i;}           i;X]K}$             
631 : TS_NOK/NS_NORULECHAIN
631 : RESSTATE            
631 :                    ol;i=i+l;]^l;^l;^i;}          X]K}$               
632 :X->ol;X             ol;i=i+l;]^l;^l;^i;}          X]K}$               
633 : SAVESTATE:          65
633 :                    ol;i=i+l;]^l;^l;^i;}          ol;X]K}$            
634 :                    l;i=i+l;]^l;^l;^i;}           l;X]K}$             
635 :                    ;i=i+l;]^l;^l;^i;}            ;X]K}$              
636 :                    i=i+l;]^l;^l;^i;}             X]K}$               
637 :X->i=W;X            i=i+l;]^l;^l;^i;}             X]K}$               
638 : SAVESTATE:          66
638 :                    i=i+l;]^l;^l;^i;}             i=W;X]K}$           
639 :                    =i+l;]^l;^l;^i;}              =W;X]K}$            
640 :                    i+l;]^l;^l;^i;}               W;X]K}$             
641 :W->i                i+l;]^l;^l;^i;}               W;X]K}$             
642 : SAVESTATE:          67
642 :                    i+l;]^l;^l;^i;}               i;X]K}$             
643 :                    +l;]^l;^l;^i;}                ;X]K}$              
644 : TS_NOK/NS_NORULECHAIN
644 : RESSTATE            
644 :                    i+l;]^l;^l;^i;}               W;X]K}$             
645 :W->iF               i+l;]^l;^l;^i;}               W;X]K}$             
646 : SAVESTATE:          67
646 :                    i+l;]^l;^l;^i;}               iF;X]K}$            
647 :                    +l;]^l;^l;^i;}                F;X]K}$             
648 : TNS_NORULECHAIN/NS_NORULE
648 : RESSTATE            
648 :                    i+l;]^l;^l;^i;}               W;X]K}$             
649 :W->iAW              i+l;]^l;^l;^i;}               W;X]K}$             
650 : SAVESTATE:          67
650 :                    i+l;]^l;^l;^i;}               iAW;X]K}$           
651 :                    +l;]^l;^l;^i;}                AW;X]K}$            
652 :A->+                +l;]^l;^l;^i;}                AW;X]K}$            
653 : SAVESTATE:          68
653 :                    +l;]^l;^l;^i;}                +W;X]K}$            
654 :                    l;]^l;^l;^i;}                 W;X]K}$             
655 :W->l                l;]^l;^l;^i;}                 W;X]K}$             
656 : SAVESTATE:          69
656 :                    l;]^l;^l;^i;}                 l;X]K}$             
657 :                    ;]^l;^l;^i;}                  ;X]K}$              
658 :                    ]^l;^l;^i;}                   X]K}$               
659 : TNS_NORULECHAIN/NS_NORULE
659 : RESSTATE            
659 :                    l;]^l;^l;^i;}                 W;X]K}$             
660 :W->lAW              l;]^l;^l;^i;}                 W;X]K}$             
661 : SAVESTATE:          69
661 :                    l;]^l;^l;^i;}                 lAW;X]K}$           
662 :                    ;]^l;^l;^i;}                  AW;X]K}$            
663 : TNS_NORULECHAIN/NS_NORULE
663 : RESSTATE            
663 :                    l;]^l;^l;^i;}                 W;X]K}$             
664 : TNS_NORULECHAIN/NS_NORULE
664 : RESSTATE            
664 :                    +l;]^l;^l;^i;}                AW;X]K}$            
665 : TNS_NORULECHAIN/NS_NORULE
665 : RESSTATE            
665 :                    i+l;]^l;^l;^i;}               W;X]K}$             
666 :W->iFAW             i+l;]^l;^l;^i;}               W;X]K}$             
667 : SAVESTATE:          67
667 :                    i+l;]^l;^l;^i;}               iFAW;X]K}$          
668 :                    +l;]^l;^l;^i;}                FAW;X]K}$           
669 : TNS_NORULECHAIN/NS_NORULE
669 : RESSTATE            
669 :                    i+l;]^l;^l;^i;}               W;X]K}$             
670 : TNS_NORULECHAIN/NS_NORULE
670 : RESSTATE            
670 :                    i=i+l;]^l;^l;^i;}             X]K}$               
671 :X->i=iF;K           i=i+l;]^l;^l;^i;}             X]K}$               
672 : SAVESTATE:          66
672 :                    i=i+l;]^l;^l;^i;}             i=iF;K]K}$          
673 :                    =i+l;]^l;^l;^i;}              =iF;K]K}$           
674 :                    i+l;]^l;^l;^i;}               iF;K]K}$            
675 :                    +l;]^l;^l;^i;}                F;K]K}$             
676 : TNS_NORULECHAIN/NS_NORULE
676 : RESSTATE            
676 :                    i=i+l;]^l;^l;^i;}             X]K}$               
677 :X->i=pF;K           i=i+l;]^l;^l;^i;}             X]K}$               
678 : SAVESTATE:          66
678 :                    i=i+l;]^l;^l;^i;}             i=pF;K]K}$          
679 :                    =i+l;]^l;^l;^i;}              =pF;K]K}$           
680 :                    i+l;]^l;^l;^i;}               pF;K]K}$            
681 : TS_NOK/NS_NORULECHAIN
681 : RESSTATE            
681 :                    i=i+l;]^l;^l;^i;}             X]K}$               
682 :X->i=W;             i=i+l;]^l;^l;^i;}             X]K}$               
683 : SAVESTATE:          66
683 :                    i=i+l;]^l;^l;^i;}             i=W;]K}$            
684 :                    =i+l;]^l;^l;^i;}              =W;]K}$             
685 :                    i+l;]^l;^l;^i;}               W;]K}$              
686 :W->i                i+l;]^l;^l;^i;}               W;]K}$              
687 : SAVESTATE:          67
687 :                    i+l;]^l;^l;^i;}               i;]K}$              
688 :                    +l;]^l;^l;^i;}                ;]K}$               
689 : TS_NOK/NS_NORULECHAIN
689 : RESSTATE            
689 :                    i+l;]^l;^l;^i;}               W;]K}$              
690 :W->iF               i+l;]^l;^l;^i;}               W;]K}$              
691 : SAVESTATE:          67
691 :                    i+l;]^l;^l;^i;}               iF;]K}$             
692 :                    +l;]^l;^l;^i;}                F;]K}$              
693 : TNS_NORULECHAIN/NS_NORULE
693 : RESSTATE            
693 :                    i+l;]^l;^l;^i;}               W;]K}$              
694 :W->iAW              i+l;]^l;^l;^i;}               W;]K}$              
695 : SAVESTATE:          67
695 :                    i+l;]^l;^l;^i;}               iAW;]K}$            
696 :                    +l;]^l;^l;^i;}                AW;]K}$             
697 :A->+                +l;]^l;^l;^i;}                AW;]K}$             
698 : SAVESTATE:          68
698 :                    +l;]^l;^l;^i;}                +W;]K}$             
699 :                    l;]^l;^l;^i;}                 W;]K}$              
700 :W->l                l;]^l;^l;^i;}                 W;]K}$              
701 : SAVESTATE:          69
701 :                    l;]^l;^l;^i;}                 l;]K}$              
702 :                    ;]^l;^l;^i;}                  ;]K}$               
703 :                    ]^l;^l;^i;}                   ]K}$                
704 :                    ^l;^l;^i;}                    K}$                 
705 :K->^i;K             ^l;^l;^i;}                    K}$                 
706 : SAVESTATE:          70
706 :                    ^l;^l;^i;}                    ^i;K}$              
707 :                    l;^l;^i;}                     i;K}$               
708 : TS_NOK/NS_NORULECHAIN
708 : RESSTATE            
708 :                    ^l;^l;^i;}                    K}$                 
709 :K->^l;K             ^l;^l;^i;}                    K}$                 
710 : SAVESTATE:          70
710 :                    ^l;^l;^i;}                    ^l;K}$              
711 :                    l;^l;^i;}                     l;K}$               
712 :                    ;^l;^i;}                      ;K}$                
713 :                    ^l;^i;}                       K}$                 
714 :K->^i;K             ^l;^i;}                       K}$                 
715 : SAVESTATE:          71
715 :                    ^l;^i;}                       ^i;K}$              
716 :                    l;^i;}                        i;K}$               
717 : TS_NOK/NS_NORULECHAIN
717 : RESSTATE            
717 :                    ^l;^i;}                       K}$                 
718 :K->^l;K             ^l;^i;}                       K}$                 
719 : SAVESTATE:          71
719 :                    ^l;^i;}                       ^l;K}$              
720 :                    l;^i;}                        l;K}$               
721 :                    ;^i;}                         ;K}$                
722 :                    ^i;}                          K}$                 
723 :K->^i;K             ^i;}                          K}$                 
724 : SAVESTATE:          72
724 :                    ^i;}                          ^i;K}$              
725 :                    i;}                           i;K}$               
726 :                    ;}                            ;K}$                
727 :                    }                             K}$                 
728 : TNS_NORULECHAIN/NS_NORULE
728 : RESSTATE            
728 :                    ^i;}                          K}$                 
729 :K->^l;K             ^i;}                          K}$                 
730 : SAVESTATE:          72
730 :                    ^i;}                          ^l;K}$              
731 :                    i;}                           l;K}$               
732 : TS_NOK/NS_NORULECHAIN
732 : RESSTATE            
732 :                    ^i;}                          K}$                 
733 :K->^l;              ^i;}                          K}$                 
734 : SAVESTATE:          72
734 :                    ^i;}                          ^l;}$               
735 :                    i;}                           l;}$                
736 : TS_NOK/NS_NORULECHAIN
736 : RESSTATE            
736 :                    ^i;}                          K}$                 
737 :K->^i;              ^i;}                          K}$                 
738 : SAVESTATE:          72
738 :                    ^i;}                          ^i;}$               
739 :                    i;}                           i;}$                
740 :                    ;}                            ;}$                 
741 :                    }                             }$                  
742 :                                                  $                   
743 : LENTA_END           
744 : ------>LENTA_END    
-------------------------------------------------------------------------------------
0   :âñåãî ñòðîê 213, ñèíòàêñè÷åñêèé àíàëèç âûïîëíåí áåç îøèáîê 
0   : S->tfiPTS           
3   : P->(E)              
4   : E->ti               
7   : T->{KQ}             
8   : K->nti=l;K          
14  : K->nti=l;K          
20  : K->cZd[X]K          
21  : Z->iLi              
22  : L->!                
26  : X->oi;X             
29  : X->ol;              
33  : K->^i;K             
36  : K->nti;K            
40  : K->^i;              
43  : Q->el;              
47  : S->m{K}             
49  : K->nti=l;K          
55  : K->ol;K             
58  : K->^i;K             
61  : K->i=W;K            
63  : W->iF               
64  : F->(N)              
65  : N->l                
68  : K->nti=W;K          
72  : W->(W)              
73  : W->lAW              
74  : A->-                
75  : W->l                
78  : K->ol;K             
81  : K->^i;K             
84  : K->nti=l;K          
90  : K->ol;K             
93  : K->^i;K             
96  : K->nti=l;K          
102 : K->nti=l;K          
108 : K->ol;K             
111 : K->^i;K             
114 : K->nti=l;K          
120 : K->ol;K             
123 : K->^i;K             
126 : K->^i;K             
129 : K->?ZRK             
130 : Z->iLi              
131 : L->!                
133 : R->r[X]w[X]         
135 : X->^l;              
141 : X->ol;              
145 : K->?ZRK             
146 : Z->iLi              
147 : L->!                
149 : R->r[X]w[X]         
151 : X->^l;              
157 : X->ol;              
161 : K->nti;K            
165 : K->i=W;K            
167 : W->l                
169 : K->ol;K             
172 : K->^i;K             
175 : K->nti=l;K          
181 : K->^l;K             
184 : K->cZd[X]K          
185 : Z->iLi              
186 : L->&                
190 : X->oi;X             
193 : X->ol;X             
196 : X->i=W;             
198 : W->iAW              
199 : A->+                
200 : W->l                
203 : K->^l;K             
206 : K->^l;K             
209 : K->^i;              
--------------------ÊÎÍÅ×ÍÛÅ ÒÀÁËÈÖÛ ËÅÊÑÅÌ È ÈÄÅÍÒÈÔÈÊÀÒÎÐÎÂ-------------------
------------------------------ ÒÀÁËÈÖÀ ËÅÊÑÅÌ  ------------------------

|  N | ËÅÊÑÅÌÀ | ÑÒÐÎÊÀ | ÈÍÄÅÊÑ Â ÒÈ |
|0   | t       |  1     |             |
|1   | f       |  1     |             |
|2   | i       |  1     |0            |
|3   | (       |  1     |             |
|4   | t       |  1     |             |
|5   | i       |  1     |1            |
|6   | )       |  1     |             |
|7   | {       |  2     |             |
|8   | n       |  4     |             |
|9   | t       |  4     |             |
|10  | i       |  4     |2            |
|11  | =       |  4     |             |
|12  | l       |  4     |3            |
|13  | ;       |  4     |             |
|14  | n       |  5     |             |
|15  | t       |  5     |             |
|16  | i       |  5     |4            |
|17  | =       |  5     |             |
|18  | l       |  5     |3            |
|19  | ;       |  5     |             |
|20  | c       |  6     |             |
|21  | i       |  6     |2            |
|22  | !       |  6     |             |
|23  | i       |  6     |4            |
|24  | d       |  7     |             |
|25  | [       |  7     |             |
|26  | o       |  8     |             |
|27  | i       |  8     |2            |
|28  | ;       |  8     |             |
|29  | o       |  9     |             |
|30  | l       |  9     |5            |
|31  | ;       |  9     |             |
|32  | ]       |  10    |             |
|33  | ^       |  11    |             |
|34  | i       |  11    |4            |
|35  | ;       |  11    |             |
|36  | n       |  12    |             |
|37  | t       |  12    |             |
|38  | i       |  12    |6            |
|39  | ;       |  12    |             |
|40  | ^       |  13    |             |
|41  | i       |  13    |1            |
|42  | ;       |  13    |             |
|43  | e       |  14    |             |
|44  | l       |  14    |7            |
|45  | ;       |  14    |             |
|46  | }       |  15    |             |
|47  | m       |  16    |             |
|48  | {       |  17    |             |
|49  | n       |  18    |             |
|50  | t       |  18    |             |
|51  | i       |  18    |8            |
|52  | =       |  18    |             |
|53  | l       |  18    |9            |
|54  | ;       |  18    |             |
|55  | o       |  19    |             |
|56  | l       |  19    |10           |
|57  | ;       |  19    |             |
|58  | ^       |  20    |             |
|59  | i       |  20    |8            |
|60  | ;       |  20    |             |
|61  | i       |  21    |8            |
|62  | =       |  21    |             |
|63  | i       |  21    |0            |
|64  | l       |  21    |11           |
|65  | @       |  21    |             |
|66  | 1       |  21    |             |
|67  | ;       |  21    |             |
|68  | n       |  22    |             |
|69  | t       |  22    |             |
|70  | i       |  22    |12           |
|71  | =       |  22    |             |
|72  | l       |  22    |13           |
|73  | l       |  22    |9            |
|74  | -       |  22    |             |
|77  | ;       |  22    |             |
|78  | o       |  23    |             |
|79  | l       |  23    |14           |
|80  | ;       |  23    |             |
|81  | ^       |  24    |             |
|82  | i       |  24    |12           |
|83  | ;       |  24    |             |
|84  | n       |  25    |             |
|85  | t       |  25    |             |
|86  | i       |  25    |15           |
|87  | =       |  25    |             |
|88  | l       |  25    |16           |
|89  | ;       |  25    |             |
|90  | o       |  26    |             |
|91  | l       |  26    |17           |
|92  | ;       |  26    |             |
|93  | ^       |  27    |             |
|94  | i       |  27    |15           |
|95  | ;       |  27    |             |
|96  | n       |  28    |             |
|97  | t       |  28    |             |
|98  | i       |  28    |18           |
|99  | =       |  28    |             |
|100 | l       |  28    |19           |
|101 | ;       |  28    |             |
|102 | n       |  29    |             |
|103 | t       |  29    |             |
|104 | i       |  29    |20           |
|105 | =       |  29    |             |
|106 | l       |  29    |21           |
|107 | ;       |  29    |             |
|108 | o       |  30    |             |
|109 | l       |  30    |22           |
|110 | ;       |  30    |             |
|111 | ^       |  31    |             |
|112 | i       |  31    |18           |
|113 | ;       |  31    |             |
|114 | n       |  32    |             |
|115 | t       |  32    |             |
|116 | i       |  32    |23           |
|117 | =       |  32    |             |
|118 | l       |  32    |16           |
|119 | ;       |  32    |             |
|120 | o       |  33    |             |
|121 | l       |  33    |24           |
|122 | ;       |  33    |             |
|123 | ^       |  34    |             |
|124 | i       |  34    |23           |
|125 | ;       |  34    |             |
|126 | ^       |  35    |             |
|127 | i       |  35    |15           |
|128 | ;       |  35    |             |
|129 | ?       |  36    |             |
|130 | i       |  36    |15           |
|131 | !       |  36    |             |
|132 | i       |  36    |23           |
|133 | r       |  37    |             |
|134 | [       |  37    |             |
|135 | ^       |  37    |             |
|136 | l       |  37    |25           |
|137 | ;       |  37    |             |
|138 | ]       |  37    |             |
|139 | w       |  38    |             |
|140 | [       |  38    |             |
|141 | o       |  38    |             |
|142 | l       |  38    |26           |
|143 | ;       |  38    |             |
|144 | ]       |  38    |             |
|145 | ?       |  39    |             |
|146 | i       |  39    |18           |
|147 | !       |  39    |             |
|148 | i       |  39    |20           |
|149 | r       |  40    |             |
|150 | [       |  40    |             |
|151 | ^       |  40    |             |
|152 | l       |  40    |25           |
|153 | ;       |  40    |             |
|154 | ]       |  40    |             |
|155 | w       |  41    |             |
|156 | [       |  41    |             |
|157 | o       |  41    |             |
|158 | l       |  41    |26           |
|159 | ;       |  41    |             |
|160 | ]       |  41    |             |
|161 | n       |  42    |             |
|162 | t       |  42    |             |
|163 | i       |  42    |27           |
|164 | ;       |  42    |             |
|165 | i       |  43    |27           |
|166 | =       |  43    |             |
|167 | l       |  43    |28           |
|168 | ;       |  43    |             |
|169 | o       |  44    |             |
|170 | l       |  44    |29           |
|171 | ;       |  44    |             |
|172 | ^       |  45    |             |
|173 | i       |  45    |27           |
|174 | ;       |  45    |             |
|175 | n       |  46    |             |
|176 | t       |  46    |             |
|177 | i       |  46    |30           |
|178 | =       |  46    |             |
|179 | l       |  46    |7            |
|180 | ;       |  46    |             |
|181 | ^       |  47    |             |
|182 | l       |  47    |31           |
|183 | ;       |  47    |             |
|184 | c       |  48    |             |
|185 | i       |  48    |15           |
|186 | &       |  48    |             |
|187 | i       |  48    |23           |
|188 | d       |  49    |             |
|189 | [       |  49    |             |
|190 | o       |  50    |             |
|191 | i       |  50    |30           |
|192 | ;       |  50    |             |
|193 | o       |  51    |             |
|194 | l       |  51    |5            |
|195 | ;       |  51    |             |
|196 | i       |  52    |30           |
|197 | =       |  52    |             |
|198 | i       |  52    |30           |
|199 | l       |  52    |32           |
|200 | +       |  52    |             |
|201 | ;       |  52    |             |
|202 | ]       |  53    |             |
|203 | ^       |  54    |             |
|204 | l       |  54    |33           |
|205 | ;       |  54    |             |
|206 | ^       |  55    |             |
|207 | l       |  55    |5            |
|208 | ;       |  55    |             |
|209 | ^       |  56    |             |
|210 | i       |  56    |30           |
|211 | ;       |  56    |             |
|212 | }       |  57    |             |
---------------------------- ÒÀÁËÈÖÀ ÈÄÅÍÒÈÔÈÊÀÒÎÐÎÂ ------------------------

|  N  |ÑÒÐÎÊÀ Â ÒË |  ÒÈÏ ÈÄÅÍÒÈÔÈÊÀÒÎÐÀ  |        ÈÌß        | ÇÍÀ×ÅÍÈÅ (ÏÀÐÀÌÅÒÐÛ)
|0    |  2         |  integer   function  |  pow1             | P0:INTEGER |
|1    |  5         |  integer  parameter  |  pow1c            |
|2    |  10        | string    variable   |  pow1x            |[0]
|3    |  18        | string     literal   |  L1               |[3]123
|4    |  16        | string    variable   |  pow1y            |[0]
|5    |  194       | string     literal   |  L2               |[1] 
|6    |  38        |  integer   variable  |  pow1count        |0
|7    |  179       |  integer    literal  |  L3               |0
|8    |  51        |  integer   variable  |  mainx            |0
|9    |  73        |  integer    literal  |  L4               |9
|10   |  56        | string     literal   |  L5               |[4]x = 
|11   |  64        |  integer    literal  |  L6               |3
|12   |  70        |  integer   variable  |  mainc            |0
|13   |  72        |  integer    literal  |  L7               |-9
|14   |  79        | string     literal   |  L8               |[4]c = 
|15   |  86        | string    variable   |  mainstrx         |[0]
|16   |  118       | string     literal   |  L9               |[4]Just
|17   |  91        | string     literal   |  L10              |[7]strx = 
|18   |  98        |   sumbol    variable |  mainstrm         | 
|19   |  100       |   sumbol     literal |  L11              |1
|20   |  104       |   sumbol    variable |  mainstrf         | 
|21   |  106       |   sumbol     literal |  L12              |F
|22   |  109       | string     literal   |  L13              |[7]strm = 
|23   |  116       | string    variable   |  mainstry         |[0]
|24   |  121       | string     literal   |  L14              |[7]stry = 
|25   |  152       | string     literal   |  L15              |[10]TRUE BLOCK
|26   |  158       | string     literal   |  L16              |[11]FALSE BLOCK
|27   |  163       |  integer   variable  |  maint1           |0
|28   |  167       |  integer    literal  |  L17              |2
|29   |  170       | string     literal   |  L18              |[5]t1 = 
|30   |  177       |  integer   variable  |  mainab           |0
|31   |  182       | string     literal   |  L19              |[12]cycle start:
|32   |  199       |  integer    literal  |  L20              |1
|33   |  204       | string     literal   |  L21              |[10]cycle end:

-------------------------------------------------------------------------


-----------------  ËÅÊÑÅÌÛ ÑÎÎÒÂÅÒÑÒÂÓÞÙÈÅ ÈÑÕÎÄÍÎÌÓ ÊÎÄÓ ---------------------

1   | tfi[0](ti[1])
2   | {
4   | nti[2]=l[3];
5   | nti[4]=l[3];
6   | ci[2]!i[4]
7   | d[
8   | oi[2];
9   | ol[5];
10  | ]
11  | ^i[4];
12  | nti[6];
13  | ^i[1];
14  | el[7];
15  | }
16  | m
17  | {
18  | nti[8]=l[9];
19  | ol[10];
20  | ^i[8];
21  | i[8]=i[0]l[11]@1;
22  | nti[12]=l[13]l[9]-;
23  | ol[14];
24  | ^i[12];
25  | nti[15]=l[16];
26  | ol[17];
27  | ^i[15];
28  | nti[18]=l[19];
29  | nti[20]=l[21];
30  | ol[22];
31  | ^i[18];
32  | nti[23]=l[16];
33  | ol[24];
34  | ^i[23];
35  | ^i[15];
36  | ?i[15]!i[23]
37  | r[^l[25];]
38  | w[ol[26];]
39  | ?i[18]!i[20]
40  | r[^l[25];]
41  | w[ol[26];]
42  | nti[27];
43  | i[27]=l[28];
44  | ol[29];
45  | ^i[27];
46  | nti[30]=l[7];
47  | ^l[31];
48  | ci[15]&i[23]
49  | d[
50  | oi[30];
51  | ol[5];
52  | i[30]=i[30]l[32]+;
53  | ]
54  | ^l[33];
55  | ^l[5];
56  | ^i[30];
57  | }
-------------------------------------------------------------------------

Ïðîãðàììà óñïåøíî çàâåðøåíà!
